<?xml version="1.0" encoding="UTF-8"?>
<testsuites name="StaffUserLogin" time="11" tests="1" failures="0" errors="0">
   <testsuite name="StaffUserLogin" tests="1" failures="0" errors="0" time="11" timestamp="2018-09-05 17:16:52" hostname="Avishek - DESKTOP-UNOIIMH" id="Test Suites/CRM/URM/StaffUserLogin">
      <properties>
         <property name="deviceName" value=""/>
         <property name="devicePlatform" value=""/>
         <property name="logFolder" value="E:\\Avishek\\LOGMANPROJECT\\Reports\\CRM\\URM\\StaffUserLogin\\20180905_171650"/>
         <property name="logFiles" value="E:\\Avishek\\LOGMANPROJECT\\Reports\\CRM\\URM\\StaffUserLogin\\20180905_171650\\execution0.log"/>
         <property name="attachments" value="E:\\Avishek\\LOGMANPROJECT\\Reports\\CRM\\URM\\StaffUserLogin\\20180905_171650\\1536148022089.png"/>
         <property name="hostName" value="Avishek - DESKTOP-UNOIIMH"/>
         <property name="os" value="Windows 10 64bit"/>
         <property name="katalonVersion" value="5.6.3.1"/>
         <property name="browser" value="Chrome 68.0.3440.106"/>
         <property name="hostAddress" value="172.16.10.89"/>
         <property name="sessionId" value="707981c3b87ef38747d68873abdb0f24"/>
         <property name="seleniumVersion" value="3.7.1"/>
         <property name="proxyInformation" value="ProxyInformation{proxyOption=NO_PROXY, proxyServerType=HTTP, password=, proxyServerAddress=, proxyServerPort=0}"/>
         <property name="platform" value="Windows 10"/>
      </properties>
      <testcase name="Test Cases/CRM/URM/StaffUserlogin" classname="Test Cases/CRM/URM/StaffUserlogin" status="PASSED">
         <system-out><![CDATA[2018-09-05 17:16:53 - [TEST_CASE][PASSED] - Test Cases/CRM/URM/StaffUserlogin: Test Cases/CRM/URM/StaffUserlogin

2018-09-05 17:16:53 - [TEST_STEP][PASSED] - openBrowser: Browser is opened with url: ''

2018-09-05 17:16:56 - [MESSAGE][PASSED] - Browser is opened with url: ''

2018-09-05 17:16:56 - [TEST_STEP][PASSED] - navigateToUrl: Navigate to 'http://172.16.20.5:93/' successfully

2018-09-05 17:16:58 - [MESSAGE][PASSED] - Navigate to 'http://172.16.20.5:93/' successfully

2018-09-05 17:16:58 - [TEST_STEP][PASSED] - maximizeWindow: Current window maximized

2018-09-05 17:16:59 - [MESSAGE][PASSED] - Current window maximized

2018-09-05 17:16:59 - [TEST_STEP][PASSED] - setText: Text 'avistaff3@mailinator.com' is set on object 'Object Repository/UserLogin/Page_JobyCo/input_ctl00ContentPlaceHolder1'

2018-09-05 17:17:00 - [MESSAGE][PASSED] - Text 'avistaff3@mailinator.com' is set on object 'Object Repository/UserLogin/Page_JobyCo/input_ctl00ContentPlaceHolder1'

2018-09-05 17:17:00 - [TEST_STEP][PASSED] - setEncryptedText: Text ****** has been set on object 'Object Repository/UserLogin/Page_JobyCo/input_ctl00ContentPlaceHolder1_1'

2018-09-05 17:17:00 - [MESSAGE][PASSED] - Text ****** has been set on object 'Object Repository/UserLogin/Page_JobyCo/input_ctl00ContentPlaceHolder1_1'

2018-09-05 17:17:00 - [TEST_STEP][PASSED] - click: Object: 'Object Repository/UserLogin/Page_JobyCo/input_ctl00ContentPlaceHolder1_2' is clicked on

2018-09-05 17:17:01 - [MESSAGE][PASSED] - Object: 'Object Repository/UserLogin/Page_JobyCo/input_ctl00ContentPlaceHolder1_2' is clicked on

2018-09-05 17:17:01 - [TEST_STEP][PASSED] - waitForPageLoad: Wait for page load successfully

2018-09-05 17:17:01 - [MESSAGE][PASSED] - Wait for page load successfully

2018-09-05 17:17:01 - [TEST_STEP][PASSED] - waitForJQueryLoad: jQuery is ready.

2018-09-05 17:17:01 - [MESSAGE][PASSED] - jQuery is ready.

2018-09-05 17:17:01 - [TEST_STEP][PASSED] - click: Object: 'Object Repository/UserLogin/Page_/button_toggle navigation' is clicked on

2018-09-05 17:17:01 - [MESSAGE][PASSED] - Object: 'Object Repository/UserLogin/Page_/button_toggle navigation' is clicked on

2018-09-05 17:17:01 - [TEST_STEP][PASSED] - click: Object: 'Object Repository/UserLogin/Page_/button_toggle navigation_1' is clicked on

2018-09-05 17:17:02 - [MESSAGE][PASSED] - Object: 'Object Repository/UserLogin/Page_/button_toggle navigation_1' is clicked on

2018-09-05 17:17:02 - [TEST_STEP][PASSED] - takeScreenshot: Taking screenshot successfully

2018-09-05 17:17:02 - [MESSAGE][PASSED] - Taking screenshot successfully
[[ATTACHMENT|E:\\Avishek\\LOGMANPROJECT\\Reports\\CRM\\URM\\StaffUserLogin\\20180905_171650\\1536148022089.png]]

2018-09-05 17:17:02 - [TEST_STEP][PASSED] - click: Object: 'Object Repository/adminlogin/Page_/span_glyphicon glyphicon-user' is clicked on

2018-09-05 17:17:02 - [MESSAGE][PASSED] - Object: 'Object Repository/adminlogin/Page_/span_glyphicon glyphicon-user' is clicked on

2018-09-05 17:17:02 - [TEST_STEP][PASSED] - waitForPageLoad: Wait for page load successfully

2018-09-05 17:17:02 - [MESSAGE][PASSED] - Wait for page load successfully

2018-09-05 17:17:02 - [TEST_STEP][PASSED] - waitForJQueryLoad: jQuery is ready.

2018-09-05 17:17:03 - [MESSAGE][PASSED] - jQuery is ready.

2018-09-05 17:17:03 - [TEST_STEP][PASSED] - click: Object: 'Object Repository/UserLogin/Page_/button_Sign Out' is clicked on

2018-09-05 17:17:03 - [MESSAGE][PASSED] - Object: 'Object Repository/UserLogin/Page_/button_Sign Out' is clicked on

2018-09-05 17:17:03 - [TEST_STEP][PASSED] - closeBrowser: Browser is closed

2018-09-05 17:17:04 - [MESSAGE][PASSED] - Browser is closed]]></system-out>
         <system-err><![CDATA[]]></system-err>
      </testcase>
      <system-out><![CDATA[2018-09-05 17:16:52 - [TEST_SUITE][PASSED] - StaffUserLogin: Test Cases/CRM/URM/StaffUserlogin]]></system-out>
      <system-err><![CDATA[]]></system-err>
   </testsuite>
</testsuites>
