<?xml version="1.0" encoding="UTF-8"?>
<testsuites name="AddDriver" time="59" tests="0" failures="1" errors="0">
   <testsuite name="AddDriver" tests="0" failures="1" errors="0" time="59" timestamp="2018-07-11 18:56:40" hostname="Avishek - DESKTOP-UNOIIMH" id="Test Suites/CRM/AddDriver">
      <properties>
         <property name="deviceName" value=""/>
         <property name="devicePlatform" value=""/>
         <property name="logFolder" value="E:\\Avishek\\LOGMANPROJECT\\Reports\\CRM\\AddDriver\\20180711_185637"/>
         <property name="logFiles" value="E:\\Avishek\\LOGMANPROJECT\\Reports\\CRM\\AddDriver\\20180711_185637\\execution0.log"/>
         <property name="attachments" value="E:\\Avishek\\LOGMANPROJECT\\Reports\\CRM\\AddDriver\\20180711_185637\\1531315614250.png, E:\\Avishek\\LOGMANPROJECT\\Reports\\CRM\\AddDriver\\20180711_185637\\1531315620983.png, E:\\Avishek\\LOGMANPROJECT\\Reports\\CRM\\AddDriver\\20180711_185637\\1531315627099.png, E:\\Avishek\\LOGMANPROJECT\\Reports\\CRM\\AddDriver\\20180711_185637\\1531315658812.png"/>
         <property name="hostName" value="Avishek - DESKTOP-UNOIIMH"/>
         <property name="os" value="Windows 10 64bit"/>
         <property name="katalonVersion" value="5.4.2.1"/>
         <property name="browser" value="Chrome 67.0.3396.99"/>
         <property name="hostAddress" value="172.16.10.93"/>
         <property name="sessionId" value="e1cec7d5881afb517150f92fe30e90e9"/>
         <property name="seleniumVersion" value="3.7.1"/>
         <property name="proxyInformation" value="ProxyInformation{proxyOption=NO_PROXY, proxyServerType=HTTP, password=, proxyServerAddress=, proxyServerPort=0}"/>
         <property name="platform" value="Windows 10"/>
      </properties>
      <testcase name="Test Cases/CRM/AddDriver" classname="Test Cases/CRM/AddDriver" status="FAILED">
         <failure type="FAILED" message="Unable to click on object 'Object Repository/Driver/Page_/span_glyphicon glyphicon-user' (Root cause: com.kms.katalon.core.webui.exception.WebElementNotFoundException: Web element with id: 'Object Repository/Driver/Page_/span_glyphicon glyphicon-user' located by 'By.xpath: /html[1]/body[@class=&quot;drawer drawer--left drawer-close darkBG&quot;]/div[3]/main[1]/section[@class=&quot;item&quot;]/section[@class=&quot;topBar affix&quot;]/div[@class=&quot;col-md-6&quot;]/ul[@class=&quot;acntLog&quot;]/li[@class=&quot;dropdown&quot;]/a[@class=&quot;dropdown-toggle&quot;]/span[@class=&quot;glyphicon glyphicon-user pull-right userID&quot;][count(. | //span[@class = 'glyphicon glyphicon-user pull-right userID']) = count(//span[@class = 'glyphicon glyphicon-user pull-right userID'])]' not found)"/>
         <system-out><![CDATA[2018-07-11 18:56:41 - [TEST_CASE][FAILED] - Test Cases/CRM/AddDriver: Test Cases/CRM/AddDriver FAILED because (of) Unable to click on object 'Object Repository/Driver/Page_/span_glyphicon glyphicon-user' (Root cause: com.kms.katalon.core.webui.exception.WebElementNotFoundException: Web element with id: 'Object Repository/Driver/Page_/span_glyphicon glyphicon-user' located by 'By.xpath: /html[1]/body[@class="drawer drawer--left drawer-close darkBG"]/div[3]/main[1]/section[@class="item"]/section[@class="topBar affix"]/div[@class="col-md-6"]/ul[@class="acntLog"]/li[@class="dropdown"]/a[@class="dropdown-toggle"]/span[@class="glyphicon glyphicon-user pull-right userID"][count(. | //span[@class = 'glyphicon glyphicon-user pull-right userID']) = count(//span[@class = 'glyphicon glyphicon-user pull-right userID'])]' not found)

2018-07-11 18:56:41 - [TEST_STEP][PASSED] - openBrowser: Browser is opened with url: ''

2018-07-11 18:56:45 - [MESSAGE][PASSED] - Browser is opened with url: ''

2018-07-11 18:56:45 - [TEST_STEP][PASSED] - navigateToUrl: Navigate to 'http://portal.logmanproj.com/Login.aspx' successfully

2018-07-11 18:56:51 - [MESSAGE][PASSED] - Navigate to 'http://portal.logmanproj.com/Login.aspx' successfully

2018-07-11 18:56:51 - [TEST_STEP][PASSED] - maximizeWindow: Current window maximized

2018-07-11 18:56:52 - [MESSAGE][PASSED] - Current window maximized

2018-07-11 18:56:52 - [TEST_STEP][PASSED] - setText: Text 'tom@alter.com' is set on object 'Object Repository/Driver/Page_JobyCo/input_ctl00ContentPlaceHolder1'

2018-07-11 18:56:52 - [MESSAGE][PASSED] - Text 'tom@alter.com' is set on object 'Object Repository/Driver/Page_JobyCo/input_ctl00ContentPlaceHolder1'

2018-07-11 18:56:52 - [TEST_STEP][PASSED] - setText: Text 'tom123' is set on object 'Object Repository/Driver/Page_JobyCo/input_ctl00ContentPlaceHolder1_1'

2018-07-11 18:56:52 - [MESSAGE][PASSED] - Text 'tom123' is set on object 'Object Repository/Driver/Page_JobyCo/input_ctl00ContentPlaceHolder1_1'

2018-07-11 18:56:52 - [TEST_STEP][PASSED] - click: Object: 'Object Repository/Driver/Page_JobyCo/input_ctl00ContentPlaceHolder1_2' is clicked on

2018-07-11 18:56:54 - [MESSAGE][PASSED] - Object: 'Object Repository/Driver/Page_JobyCo/input_ctl00ContentPlaceHolder1_2' is clicked on

2018-07-11 18:56:54 - [TEST_STEP][PASSED] - takeScreenshot: Taking screenshot successfully

2018-07-11 18:56:54 - [MESSAGE][PASSED] - Taking screenshot successfully
[[ATTACHMENT|E:\\Avishek\\LOGMANPROJECT\\Reports\\CRM\\AddDriver\\20180711_185637\\1531315614250.png]]

2018-07-11 18:56:54 - [TEST_STEP][PASSED] - click: Object: 'Object Repository/Driver/Page_/button_toggle navigation' is clicked on

2018-07-11 18:56:54 - [MESSAGE][PASSED] - Object: 'Object Repository/Driver/Page_/button_toggle navigation' is clicked on

2018-07-11 18:56:54 - [TEST_STEP][PASSED] - click: Object: 'Object Repository/Driver/Page_/a_Drivers' is clicked on

2018-07-11 18:56:55 - [MESSAGE][PASSED] - Object: 'Object Repository/Driver/Page_/a_Drivers' is clicked on

2018-07-11 18:56:55 - [TEST_STEP][PASSED] - click: Object: 'Object Repository/Driver/Page_/a_Add a Driver' is clicked on

2018-07-11 18:56:56 - [MESSAGE][PASSED] - Object: 'Object Repository/Driver/Page_/a_Add a Driver' is clicked on

2018-07-11 18:56:56 - [TEST_STEP][PASSED] - setText: Text 'avishek40@mailinator.com' is set on object 'Object Repository/Driver/Page_/input_ctl00ContentPlaceHolder1'

2018-07-11 18:56:56 - [MESSAGE][PASSED] - Text 'avishek40@mailinator.com' is set on object 'Object Repository/Driver/Page_/input_ctl00ContentPlaceHolder1'

2018-07-11 18:56:56 - [TEST_STEP][PASSED] - setText: Text '123456' is set on object 'Object Repository/Driver/Page_/input_ctl00ContentPlaceHolder1_1'

2018-07-11 18:56:57 - [MESSAGE][PASSED] - Text '123456' is set on object 'Object Repository/Driver/Page_/input_ctl00ContentPlaceHolder1_1'

2018-07-11 18:56:57 - [TEST_STEP][PASSED] - setText: Text 'AvishekthirtyFourty' is set on object 'Object Repository/Driver/Page_/input_ctl00ContentPlaceHolder1_2'

2018-07-11 18:56:57 - [MESSAGE][PASSED] - Text 'AvishekthirtyFourty' is set on object 'Object Repository/Driver/Page_/input_ctl00ContentPlaceHolder1_2'

2018-07-11 18:56:57 - [TEST_STEP][PASSED] - click: Object: 'Object Repository/Demo/Page_ (2)/input_ctl00ContentPlaceHolder1' is clicked on

2018-07-11 18:56:57 - [MESSAGE][PASSED] - Object: 'Object Repository/Demo/Page_ (2)/input_ctl00ContentPlaceHolder1' is clicked on

2018-07-11 18:56:57 - [TEST_STEP][PASSED] - waitForJQueryLoad: jQuery is ready.

2018-07-11 18:56:57 - [MESSAGE][PASSED] - jQuery is ready.

2018-07-11 18:56:57 - [TEST_STEP][PASSED] - mouseOver: Object: 'Object Repository/Driver/Page_/th_July 2018' is hovered

2018-07-11 18:56:57 - [MESSAGE][PASSED] - Object: 'Object Repository/Driver/Page_/th_July 2018' is hovered

2018-07-11 18:56:57 - [TEST_STEP][PASSED] - click: Object: 'Object Repository/Driver/Page_/th_July 2018' is clicked on

2018-07-11 18:56:58 - [MESSAGE][PASSED] - Object: 'Object Repository/Driver/Page_/th_July 2018' is clicked on

2018-07-11 18:56:58 - [TEST_STEP][PASSED] - waitForJQueryLoad: jQuery is ready.

2018-07-11 18:56:58 - [MESSAGE][PASSED] - jQuery is ready.

2018-07-11 18:56:58 - [TEST_STEP][PASSED] - click: Object: 'Object Repository/Demo/Driver_DOB/Page_/th_2018' is clicked on

2018-07-11 18:56:58 - [MESSAGE][PASSED] - Object: 'Object Repository/Demo/Driver_DOB/Page_/th_2018' is clicked on

2018-07-11 18:56:58 - [TEST_STEP][PASSED] - click: Object: 'Object Repository/Demo/Driver_DOB/Page_/th_' is clicked on

2018-07-11 18:56:58 - [MESSAGE][PASSED] - Object: 'Object Repository/Demo/Driver_DOB/Page_/th_' is clicked on

2018-07-11 18:56:58 - [TEST_STEP][PASSED] - click: Object: 'Object Repository/Demo/Driver_DOB/Page_/th_' is clicked on

2018-07-11 18:56:58 - [MESSAGE][PASSED] - Object: 'Object Repository/Demo/Driver_DOB/Page_/th_' is clicked on

2018-07-11 18:56:58 - [TEST_STEP][PASSED] - click: Object: 'Object Repository/Demo/Driver_DOB/Page_/th_' is clicked on

2018-07-11 18:56:58 - [MESSAGE][PASSED] - Object: 'Object Repository/Demo/Driver_DOB/Page_/th_' is clicked on

2018-07-11 18:56:58 - [TEST_STEP][PASSED] - waitForJQueryLoad: jQuery is ready.

2018-07-11 18:56:58 - [MESSAGE][PASSED] - jQuery is ready.

2018-07-11 18:56:58 - [TEST_STEP][PASSED] - click: Object: 'Object Repository/Demo/Driver_DOB/Page_/span_1985' is clicked on

2018-07-11 18:56:59 - [MESSAGE][PASSED] - Object: 'Object Repository/Demo/Driver_DOB/Page_/span_1985' is clicked on

2018-07-11 18:56:59 - [TEST_STEP][PASSED] - click: Object: 'Object Repository/Demo/Driver_DOB/Page_/span_Aug' is clicked on

2018-07-11 18:56:59 - [MESSAGE][PASSED] - Object: 'Object Repository/Demo/Driver_DOB/Page_/span_Aug' is clicked on

2018-07-11 18:56:59 - [TEST_STEP][PASSED] - click: Object: 'Object Repository/Demo/Driver_DOB/Page_/td_23' is clicked on

2018-07-11 18:56:59 - [MESSAGE][PASSED] - Object: 'Object Repository/Demo/Driver_DOB/Page_/td_23' is clicked on

2018-07-11 18:56:59 - [TEST_STEP][PASSED] - setText: Text 'Kolkata' is set on object 'Object Repository/Driver/Page_/input_txtAddressLine1'

2018-07-11 18:56:59 - [MESSAGE][PASSED] - Text 'Kolkata' is set on object 'Object Repository/Driver/Page_/input_txtAddressLine1'

2018-07-11 18:56:59 - [TEST_STEP][PASSED] - setText: Text '700091' is set on object 'Object Repository/Driver/Page_/input_ctl00ContentPlaceHolder1_3'

2018-07-11 18:57:00 - [MESSAGE][PASSED] - Text '700091' is set on object 'Object Repository/Driver/Page_/input_ctl00ContentPlaceHolder1_3'

2018-07-11 18:57:00 - [TEST_STEP][PASSED] - setText: Text '1234567890' is set on object 'Object Repository/Driver/Page_/input_txtMobile'

2018-07-11 18:57:00 - [MESSAGE][PASSED] - Text '1234567890' is set on object 'Object Repository/Driver/Page_/input_txtMobile'

2018-07-11 18:57:00 - [TEST_STEP][PASSED] - click: Object: 'Object Repository/Driver/Page_/input_ctl00ContentPlaceHolder1_4' is clicked on

2018-07-11 18:57:00 - [MESSAGE][PASSED] - Object: 'Object Repository/Driver/Page_/input_ctl00ContentPlaceHolder1_4' is clicked on

2018-07-11 18:57:00 - [TEST_STEP][PASSED] - click: Object: 'Object Repository/Driver/Page_/input_ctl00ContentPlaceHolder1_5' is clicked on

2018-07-11 18:57:00 - [MESSAGE][PASSED] - Object: 'Object Repository/Driver/Page_/input_ctl00ContentPlaceHolder1_5' is clicked on

2018-07-11 18:57:00 - [TEST_STEP][PASSED] - click: Object: 'Object Repository/Driver/Page_/input_ctl00ContentPlaceHolder1_6' is clicked on

2018-07-11 18:57:00 - [MESSAGE][PASSED] - Object: 'Object Repository/Driver/Page_/input_ctl00ContentPlaceHolder1_6' is clicked on

2018-07-11 18:57:00 - [TEST_STEP][PASSED] - mouseOver: Object: 'Object Repository/Driver/Page_/button_OK' is hovered

2018-07-11 18:57:00 - [MESSAGE][PASSED] - Object: 'Object Repository/Driver/Page_/button_OK' is hovered

2018-07-11 18:57:00 - [TEST_STEP][PASSED] - takeScreenshot: Taking screenshot successfully

2018-07-11 18:57:01 - [MESSAGE][PASSED] - Taking screenshot successfully
[[ATTACHMENT|E:\\Avishek\\LOGMANPROJECT\\Reports\\CRM\\AddDriver\\20180711_185637\\1531315620983.png]]

2018-07-11 18:57:01 - [TEST_STEP][PASSED] - waitForJQueryLoad: jQuery is ready.

2018-07-11 18:57:01 - [MESSAGE][PASSED] - jQuery is ready.

2018-07-11 18:57:01 - [TEST_STEP][PASSED] - click: Object: 'Object Repository/Driver/Page_/button_OK' is clicked on

2018-07-11 18:57:02 - [MESSAGE][PASSED] - Object: 'Object Repository/Driver/Page_/button_OK' is clicked on

2018-07-11 18:57:02 - [TEST_STEP][PASSED] - waitForJQueryLoad: jQuery is ready.

2018-07-11 18:57:03 - [MESSAGE][PASSED] - jQuery is ready.

2018-07-11 18:57:03 - [TEST_STEP][PASSED] - mouseOver: Object: 'Object Repository/Driver/Page_/i_fa fa-eye' is hovered

2018-07-11 18:57:03 - [MESSAGE][PASSED] - Object: 'Object Repository/Driver/Page_/i_fa fa-eye' is hovered

2018-07-11 18:57:03 - [TEST_STEP][PASSED] - click: Object: 'Object Repository/Driver/Page_/i_fa fa-eye' is clicked on

2018-07-11 18:57:03 - [MESSAGE][PASSED] - Object: 'Object Repository/Driver/Page_/i_fa fa-eye' is clicked on

2018-07-11 18:57:03 - [TEST_STEP][PASSED] - waitForJQueryLoad: jQuery is ready.

2018-07-11 18:57:05 - [MESSAGE][PASSED] - jQuery is ready.

2018-07-11 18:57:05 - [TEST_STEP][PASSED] - click: Object: 'Object Repository/Driver/Page_/i_fa fa-file-pdf-o' is clicked on

2018-07-11 18:57:05 - [MESSAGE][PASSED] - Object: 'Object Repository/Driver/Page_/i_fa fa-file-pdf-o' is clicked on

2018-07-11 18:57:05 - [TEST_STEP][PASSED] - waitForJQueryLoad: jQuery is ready.

2018-07-11 18:57:05 - [MESSAGE][PASSED] - jQuery is ready.

2018-07-11 18:57:05 - [TEST_STEP][PASSED] - waitForPageLoad: Wait for page load successfully

2018-07-11 18:57:05 - [MESSAGE][PASSED] - Wait for page load successfully

2018-07-11 18:57:05 - [TEST_STEP][PASSED] - mouseOver: Object: 'Object Repository/Driver/Page_/i_fa fa-eye' is hovered

2018-07-11 18:57:05 - [MESSAGE][PASSED] - Object: 'Object Repository/Driver/Page_/i_fa fa-eye' is hovered

2018-07-11 18:57:05 - [TEST_STEP][PASSED] - click: Object: 'Object Repository/Driver/Page_/i_fa fa-eye' is clicked on

2018-07-11 18:57:05 - [MESSAGE][PASSED] - Object: 'Object Repository/Driver/Page_/i_fa fa-eye' is clicked on

2018-07-11 18:57:05 - [TEST_STEP][PASSED] - click: Object: 'Object Repository/Driver/Page_/button_' is clicked on

2018-07-11 18:57:06 - [MESSAGE][PASSED] - Object: 'Object Repository/Driver/Page_/button_' is clicked on

2018-07-11 18:57:06 - [TEST_STEP][PASSED] - waitForJQueryLoad: jQuery is ready.

2018-07-11 18:57:07 - [MESSAGE][PASSED] - jQuery is ready.

2018-07-11 18:57:07 - [TEST_STEP][PASSED] - takeScreenshot: Taking screenshot successfully

2018-07-11 18:57:07 - [MESSAGE][PASSED] - Taking screenshot successfully
[[ATTACHMENT|E:\\Avishek\\LOGMANPROJECT\\Reports\\CRM\\AddDriver\\20180711_185637\\1531315627099.png]]

2018-07-11 18:57:07 - [TEST_STEP][FAILED] - click: Unable to click on object 'Object Repository/Driver/Page_/span_glyphicon glyphicon-user' (Root cause: com.kms.katalon.core.webui.exception.WebElementNotFoundException: Web element with id: 'Object Repository/Driver/Page_/span_glyphicon glyphicon-user' located by 'By.xpath: /html[1]/body[@class="drawer drawer--left drawer-close darkBG"]/div[3]/main[1]/section[@class="item"]/section[@class="topBar affix"]/div[@class="col-md-6"]/ul[@class="acntLog"]/li[@class="dropdown"]/a[@class="dropdown-toggle"]/span[@class="glyphicon glyphicon-user pull-right userID"][count(. | //span[@class = 'glyphicon glyphicon-user pull-right userID']) = count(//span[@class = 'glyphicon glyphicon-user pull-right userID'])]' not found)

2018-07-11 18:57:39 - [MESSAGE][FAILED] - Unable to click on object 'Object Repository/Driver/Page_/span_glyphicon glyphicon-user' (Root cause: com.kms.katalon.core.webui.exception.WebElementNotFoundException: Web element with id: 'Object Repository/Driver/Page_/span_glyphicon glyphicon-user' located by 'By.xpath: /html[1]/body[@class="drawer drawer--left drawer-close darkBG"]/div[3]/main[1]/section[@class="item"]/section[@class="topBar affix"]/div[@class="col-md-6"]/ul[@class="acntLog"]/li[@class="dropdown"]/a[@class="dropdown-toggle"]/span[@class="glyphicon glyphicon-user pull-right userID"][count(. | //span[@class = 'glyphicon glyphicon-user pull-right userID']) = count(//span[@class = 'glyphicon glyphicon-user pull-right userID'])]' not found)
[[ATTACHMENT|E:\\Avishek\\LOGMANPROJECT\\Reports\\CRM\\AddDriver\\20180711_185637\\1531315658812.png]]]]></system-out>
         <system-err><![CDATA[2018-07-11 18:56:41 - [TEST_CASE][FAILED] - Test Cases/CRM/AddDriver: Test Cases/CRM/AddDriver FAILED because (of) Unable to click on object 'Object Repository/Driver/Page_/span_glyphicon glyphicon-user' (Root cause: com.kms.katalon.core.webui.exception.WebElementNotFoundException: Web element with id: 'Object Repository/Driver/Page_/span_glyphicon glyphicon-user' located by 'By.xpath: /html[1]/body[@class="drawer drawer--left drawer-close darkBG"]/div[3]/main[1]/section[@class="item"]/section[@class="topBar affix"]/div[@class="col-md-6"]/ul[@class="acntLog"]/li[@class="dropdown"]/a[@class="dropdown-toggle"]/span[@class="glyphicon glyphicon-user pull-right userID"][count(. | //span[@class = 'glyphicon glyphicon-user pull-right userID']) = count(//span[@class = 'glyphicon glyphicon-user pull-right userID'])]' not found)]]></system-err>
      </testcase>
      <system-out><![CDATA[2018-07-11 18:56:40 - [TEST_SUITE][FAILED] - AddDriver: Test Cases/CRM/AddDriver FAILED because (of) Unable to click on object 'Object Repository/Driver/Page_/span_glyphicon glyphicon-user' (Root cause: com.kms.katalon.core.webui.exception.WebElementNotFoundException: Web element with id: 'Object Repository/Driver/Page_/span_glyphicon glyphicon-user' located by 'By.xpath: /html[1]/body[@class="drawer drawer--left drawer-close darkBG"]/div[3]/main[1]/section[@class="item"]/section[@class="topBar affix"]/div[@class="col-md-6"]/ul[@class="acntLog"]/li[@class="dropdown"]/a[@class="dropdown-toggle"]/span[@class="glyphicon glyphicon-user pull-right userID"][count(. | //span[@class = 'glyphicon glyphicon-user pull-right userID']) = count(//span[@class = 'glyphicon glyphicon-user pull-right userID'])]' not found)]]></system-out>
      <system-err><![CDATA[2018-07-11 18:56:40 - [TEST_SUITE][FAILED] - AddDriver: Test Cases/CRM/AddDriver FAILED because (of) Unable to click on object 'Object Repository/Driver/Page_/span_glyphicon glyphicon-user' (Root cause: com.kms.katalon.core.webui.exception.WebElementNotFoundException: Web element with id: 'Object Repository/Driver/Page_/span_glyphicon glyphicon-user' located by 'By.xpath: /html[1]/body[@class="drawer drawer--left drawer-close darkBG"]/div[3]/main[1]/section[@class="item"]/section[@class="topBar affix"]/div[@class="col-md-6"]/ul[@class="acntLog"]/li[@class="dropdown"]/a[@class="dropdown-toggle"]/span[@class="glyphicon glyphicon-user pull-right userID"][count(. | //span[@class = 'glyphicon glyphicon-user pull-right userID']) = count(//span[@class = 'glyphicon glyphicon-user pull-right userID'])]' not found)]]></system-err>
   </testsuite>
</testsuites>
