<?xml version="1.0" encoding="UTF-8"?>
<testsuites name="AddShipping" time="30" tests="1" failures="0" errors="0">
   <testsuite name="AddShipping" tests="1" failures="0" errors="0" time="30" timestamp="2018-07-10 14:44:09" hostname="Avishek - DESKTOP-UNOIIMH" id="Test Suites/CRM/AddShipping">
      <properties>
         <property name="deviceName" value=""/>
         <property name="devicePlatform" value=""/>
         <property name="logFolder" value="E:\\Avishek\\LOGMANPROJECT\\Reports\\CRM\\AddShipping\\20180710_144406"/>
         <property name="logFiles" value="E:\\Avishek\\LOGMANPROJECT\\Reports\\CRM\\AddShipping\\20180710_144406\\execution0.log"/>
         <property name="attachments" value="E:\\Avishek\\LOGMANPROJECT\\Reports\\CRM\\AddShipping\\20180710_144406\\1531214068878.png, E:\\Avishek\\LOGMANPROJECT\\Reports\\CRM\\AddShipping\\20180710_144406\\1531214074674.png, E:\\Avishek\\LOGMANPROJECT\\Reports\\CRM\\AddShipping\\20180710_144406\\1531214079085.png"/>
         <property name="hostName" value="Avishek - DESKTOP-UNOIIMH"/>
         <property name="os" value="Windows 10 64bit"/>
         <property name="katalonVersion" value="5.4.2.1"/>
         <property name="browser" value="Chrome 67.0.3396.99"/>
         <property name="hostAddress" value="172.16.10.93"/>
         <property name="sessionId" value="3ecaacf29812571fbfc92943088cd829"/>
         <property name="seleniumVersion" value="3.7.1"/>
         <property name="proxyInformation" value="ProxyInformation{proxyOption=NO_PROXY, proxyServerType=HTTP, password=, proxyServerAddress=, proxyServerPort=0}"/>
         <property name="platform" value="Windows 10"/>
      </properties>
      <testcase name="Test Cases/CRM/AddShipping" classname="Test Cases/CRM/AddShipping" status="PASSED">
         <system-out><![CDATA[2018-07-10 14:44:10 - [TEST_CASE][PASSED] - Test Cases/CRM/AddShipping: Test Cases/CRM/AddShipping

2018-07-10 14:44:11 - [TEST_STEP][PASSED] - openBrowser: Browser is opened with url: ''

2018-07-10 14:44:14 - [MESSAGE][PASSED] - Browser is opened with url: ''

2018-07-10 14:44:14 - [TEST_STEP][PASSED] - navigateToUrl: Navigate to 'http://portal.logmanproj.com/Login.aspx' successfully

2018-07-10 14:44:17 - [MESSAGE][PASSED] - Navigate to 'http://portal.logmanproj.com/Login.aspx' successfully

2018-07-10 14:44:17 - [TEST_STEP][PASSED] - maximizeWindow: Current window maximized

2018-07-10 14:44:18 - [MESSAGE][PASSED] - Current window maximized

2018-07-10 14:44:18 - [TEST_STEP][PASSED] - setText: Text 'tom@alter.com' is set on object 'Object Repository/CRM_ObjectRepositoryShipping/Page_JobyCo/input_ctl00ContentPlaceHolder1'

2018-07-10 14:44:19 - [MESSAGE][PASSED] - Text 'tom@alter.com' is set on object 'Object Repository/CRM_ObjectRepositoryShipping/Page_JobyCo/input_ctl00ContentPlaceHolder1'

2018-07-10 14:44:19 - [TEST_STEP][PASSED] - setText: Text 'tom123' is set on object 'Object Repository/CRM_ObjectRepositoryShipping/Page_JobyCo/input_ctl00ContentPlaceHolder1_1'

2018-07-10 14:44:19 - [MESSAGE][PASSED] - Text 'tom123' is set on object 'Object Repository/CRM_ObjectRepositoryShipping/Page_JobyCo/input_ctl00ContentPlaceHolder1_1'

2018-07-10 14:44:19 - [TEST_STEP][PASSED] - click: Object: 'Object Repository/CRM_ObjectRepositoryShipping/Page_JobyCo/input_ctl00ContentPlaceHolder1_2' is clicked on

2018-07-10 14:44:20 - [MESSAGE][PASSED] - Object: 'Object Repository/CRM_ObjectRepositoryShipping/Page_JobyCo/input_ctl00ContentPlaceHolder1_2' is clicked on

2018-07-10 14:44:20 - [TEST_STEP][PASSED] - click: Object: 'Object Repository/CRM_ObjectRepositoryShipping/Page_/button_toggle navigation' is clicked on

2018-07-10 14:44:20 - [MESSAGE][PASSED] - Object: 'Object Repository/CRM_ObjectRepositoryShipping/Page_/button_toggle navigation' is clicked on

2018-07-10 14:44:20 - [TEST_STEP][PASSED] - click: Object: 'Object Repository/CRM_ObjectRepositoryShipping/Page_/a_Shipping' is clicked on

2018-07-10 14:44:20 - [MESSAGE][PASSED] - Object: 'Object Repository/CRM_ObjectRepositoryShipping/Page_/a_Shipping' is clicked on

2018-07-10 14:44:20 - [TEST_STEP][PASSED] - click: Object: 'Object Repository/CRM_ObjectRepositoryShipping/Page_/a_Add Shipping' is clicked on

2018-07-10 14:44:21 - [MESSAGE][PASSED] - Object: 'Object Repository/CRM_ObjectRepositoryShipping/Page_/a_Add Shipping' is clicked on

2018-07-10 14:44:21 - [TEST_STEP][PASSED] - setText: Text 'CVF6789' is set on object 'Object Repository/CRM_ObjectRepositoryShipping/Page_/input_ctl00ContentPlaceHolder1'

2018-07-10 14:44:22 - [MESSAGE][PASSED] - Text 'CVF6789' is set on object 'Object Repository/CRM_ObjectRepositoryShipping/Page_/input_ctl00ContentPlaceHolder1'

2018-07-10 14:44:22 - [TEST_STEP][PASSED] - setText: Text '89255896' is set on object 'Object Repository/CRM_ObjectRepositoryShipping/Page_/input_ctl00ContentPlaceHolder1_1'

2018-07-10 14:44:22 - [MESSAGE][PASSED] - Text '89255896' is set on object 'Object Repository/CRM_ObjectRepositoryShipping/Page_/input_ctl00ContentPlaceHolder1_1'

2018-07-10 14:44:22 - [TEST_STEP][PASSED] - selectOptionByValue: All options with value 'JBCO000000001' are selected in object 'Object Repository/CRM_ObjectRepositoryShipping/Page_ (8)/select_Select Booking NumberJB'  using regular expression

2018-07-10 14:44:23 - [MESSAGE][PASSED] - All options with value 'JBCO000000001' are selected in object 'Object Repository/CRM_ObjectRepositoryShipping/Page_ (8)/select_Select Booking NumberJB'  using regular expression

2018-07-10 14:44:23 - [TEST_STEP][PASSED] - selectOptionByValue: All options with value '285' are selected in object 'Object Repository/CRM_ObjectRepositoryShipping/Page_/select_Select Shipping FromAbe'  using regular expression

2018-07-10 14:44:24 - [MESSAGE][PASSED] - All options with value '285' are selected in object 'Object Repository/CRM_ObjectRepositoryShipping/Page_/select_Select Shipping FromAbe'  using regular expression

2018-07-10 14:44:24 - [TEST_STEP][PASSED] - selectOptionByValue: All options with value '286' are selected in object 'Object Repository/CRM_ObjectRepositoryShipping/Page_/select_Select Shipping ToAberd'  using regular expression

2018-07-10 14:44:25 - [MESSAGE][PASSED] - All options with value '286' are selected in object 'Object Repository/CRM_ObjectRepositoryShipping/Page_/select_Select Shipping ToAberd'  using regular expression

2018-07-10 14:44:25 - [TEST_STEP][PASSED] - setText: Text 'Ferryport' is set on object 'Object Repository/CRM_ObjectRepositoryShipping/Page_/input_ctl00ContentPlaceHolder1_2'

2018-07-10 14:44:26 - [MESSAGE][PASSED] - Text 'Ferryport' is set on object 'Object Repository/CRM_ObjectRepositoryShipping/Page_/input_ctl00ContentPlaceHolder1_2'

2018-07-10 14:44:26 - [TEST_STEP][PASSED] - selectOptionByValue: All options with value 'Freight' are selected in object 'Object Repository/CRM_ObjectRepositoryShipping/Page_/select_Select Freight TypeFrei'  using regular expression

2018-07-10 14:44:26 - [MESSAGE][PASSED] - All options with value 'Freight' are selected in object 'Object Repository/CRM_ObjectRepositoryShipping/Page_/select_Select Freight TypeFrei'  using regular expression

2018-07-10 14:44:26 - [TEST_STEP][PASSED] - click: Object: 'Object Repository/CRM_ObjectRepositoryShipping/Page_ (3)/input_ctl00ContentPlaceHolder1' is clicked on

2018-07-10 14:44:26 - [MESSAGE][PASSED] - Object: 'Object Repository/CRM_ObjectRepositoryShipping/Page_ (3)/input_ctl00ContentPlaceHolder1' is clicked on

2018-07-10 14:44:26 - [TEST_STEP][PASSED] - click: Object: 'Object Repository/CRM_ObjectRepositoryShipping/Page_ (4)/div_July 2018SuMoTuWeThFrSa242' is clicked on

2018-07-10 14:44:26 - [MESSAGE][PASSED] - Object: 'Object Repository/CRM_ObjectRepositoryShipping/Page_ (4)/div_July 2018SuMoTuWeThFrSa242' is clicked on

2018-07-10 14:44:26 - [TEST_STEP][PASSED] - waitForJQueryLoad: jQuery is ready.

2018-07-10 14:44:27 - [MESSAGE][PASSED] - jQuery is ready.

2018-07-10 14:44:27 - [TEST_STEP][PASSED] - click: Object: 'Object Repository/CRM_ObjectRepositoryShipping/Page_ (6)/input_ctl00ContentPlaceHolder1 (1)' is clicked on

2018-07-10 14:44:27 - [MESSAGE][PASSED] - Object: 'Object Repository/CRM_ObjectRepositoryShipping/Page_ (6)/input_ctl00ContentPlaceHolder1 (1)' is clicked on

2018-07-10 14:44:27 - [TEST_STEP][PASSED] - click: Object: 'Object Repository/CRM_ObjectRepositoryShipping/Page_ (6)/div_July 2018SuMoTuWeThFrSa242 (1)' is clicked on

2018-07-10 14:44:27 - [MESSAGE][PASSED] - Object: 'Object Repository/CRM_ObjectRepositoryShipping/Page_ (6)/div_July 2018SuMoTuWeThFrSa242 (1)' is clicked on

2018-07-10 14:44:27 - [TEST_STEP][PASSED] - waitForJQueryLoad: jQuery is ready.

2018-07-10 14:44:27 - [MESSAGE][PASSED] - jQuery is ready.

2018-07-10 14:44:27 - [TEST_STEP][PASSED] - setText: Text '7896' is set on object 'Object Repository/CRM_ObjectRepositoryShipping/Page_/input_ctl00ContentPlaceHolder1_3'

2018-07-10 14:44:27 - [MESSAGE][PASSED] - Text '7896' is set on object 'Object Repository/CRM_ObjectRepositoryShipping/Page_/input_ctl00ContentPlaceHolder1_3'

2018-07-10 14:44:27 - [TEST_STEP][PASSED] - setText: Text '100' is set on object 'Object Repository/CRM_ObjectRepositoryShipping/Page_/input_ctl00ContentPlaceHolder1_4'

2018-07-10 14:44:27 - [MESSAGE][PASSED] - Text '100' is set on object 'Object Repository/CRM_ObjectRepositoryShipping/Page_/input_ctl00ContentPlaceHolder1_4'

2018-07-10 14:44:27 - [TEST_STEP][PASSED] - setText: Text '1' is set on object 'Object Repository/CRM_ObjectRepositoryShipping/Page_/input_ctl00ContentPlaceHolder1_5'

2018-07-10 14:44:27 - [MESSAGE][PASSED] - Text '1' is set on object 'Object Repository/CRM_ObjectRepositoryShipping/Page_/input_ctl00ContentPlaceHolder1_5'

2018-07-10 14:44:27 - [TEST_STEP][PASSED] - setText: Text 'test' is set on object 'Object Repository/CRM_ObjectRepositoryShipping/Page_/textarea_ctl00ContentPlaceHold'

2018-07-10 14:44:28 - [MESSAGE][PASSED] - Text 'test' is set on object 'Object Repository/CRM_ObjectRepositoryShipping/Page_/textarea_ctl00ContentPlaceHold'

2018-07-10 14:44:28 - [TEST_STEP][PASSED] - click: Object: 'Object Repository/CRM_ObjectRepositoryShipping/Page_/input_ctl00ContentPlaceHolder1_6' is clicked on

2018-07-10 14:44:28 - [MESSAGE][PASSED] - Object: 'Object Repository/CRM_ObjectRepositoryShipping/Page_/input_ctl00ContentPlaceHolder1_6' is clicked on

2018-07-10 14:44:28 - [TEST_STEP][PASSED] - mouseOver: Object: 'Object Repository/CRM_ObjectRepositoryShipping/Page_/button_OK' is hovered

2018-07-10 14:44:28 - [MESSAGE][PASSED] - Object: 'Object Repository/CRM_ObjectRepositoryShipping/Page_/button_OK' is hovered

2018-07-10 14:44:28 - [TEST_STEP][PASSED] - waitForJQueryLoad: jQuery is ready.

2018-07-10 14:44:28 - [MESSAGE][PASSED] - jQuery is ready.

2018-07-10 14:44:28 - [TEST_STEP][PASSED] - takeScreenshot: Taking screenshot successfully

2018-07-10 14:44:29 - [MESSAGE][PASSED] - Taking screenshot successfully
[[ATTACHMENT|E:\\Avishek\\LOGMANPROJECT\\Reports\\CRM\\AddShipping\\20180710_144406\\1531214068878.png]]

2018-07-10 14:44:29 - [TEST_STEP][PASSED] - click: Object: 'Object Repository/CRM_ObjectRepositoryShipping/Page_/button_OK' is clicked on

2018-07-10 14:44:30 - [MESSAGE][PASSED] - Object: 'Object Repository/CRM_ObjectRepositoryShipping/Page_/button_OK' is clicked on

2018-07-10 14:44:30 - [TEST_STEP][PASSED] - waitForJQueryLoad: jQuery is ready.

2018-07-10 14:44:31 - [MESSAGE][PASSED] - jQuery is ready.

2018-07-10 14:44:31 - [TEST_STEP][PASSED] - mouseOver: Object: 'Object Repository/CRM_ObjectRepositoryShipping/Page_/a_SHIP000000005' is hovered

2018-07-10 14:44:31 - [MESSAGE][PASSED] - Object: 'Object Repository/CRM_ObjectRepositoryShipping/Page_/a_SHIP000000005' is hovered

2018-07-10 14:44:31 - [TEST_STEP][PASSED] - click: Object: 'Object Repository/CRM_ObjectRepositoryShipping/Page_/a_SHIP000000005' is clicked on

2018-07-10 14:44:32 - [MESSAGE][PASSED] - Object: 'Object Repository/CRM_ObjectRepositoryShipping/Page_/a_SHIP000000005' is clicked on

2018-07-10 14:44:32 - [TEST_STEP][PASSED] - waitForJQueryLoad: jQuery is ready.

2018-07-10 14:44:34 - [MESSAGE][PASSED] - jQuery is ready.

2018-07-10 14:44:34 - [TEST_STEP][PASSED] - mouseOver: Object: 'Object Repository/CRM_ObjectRepositoryShipping/Page_/i_fa fa-file-pdf-o' is hovered

2018-07-10 14:44:34 - [MESSAGE][PASSED] - Object: 'Object Repository/CRM_ObjectRepositoryShipping/Page_/i_fa fa-file-pdf-o' is hovered

2018-07-10 14:44:34 - [TEST_STEP][PASSED] - click: Object: 'Object Repository/CRM_ObjectRepositoryShipping/Page_/i_fa fa-file-pdf-o' is clicked on

2018-07-10 14:44:34 - [MESSAGE][PASSED] - Object: 'Object Repository/CRM_ObjectRepositoryShipping/Page_/i_fa fa-file-pdf-o' is clicked on

2018-07-10 14:44:34 - [TEST_STEP][PASSED] - takeScreenshot: Taking screenshot successfully

2018-07-10 14:44:37 - [MESSAGE][PASSED] - Taking screenshot successfully
[[ATTACHMENT|E:\\Avishek\\LOGMANPROJECT\\Reports\\CRM\\AddShipping\\20180710_144406\\1531214074674.png]]

2018-07-10 14:44:38 - [TEST_STEP][PASSED] - click: Object: 'Object Repository/CRM_ObjectRepositoryShipping/Page_ (7)/span_glyphicon glyphicon-user' is clicked on

2018-07-10 14:44:38 - [MESSAGE][PASSED] - Object: 'Object Repository/CRM_ObjectRepositoryShipping/Page_ (7)/span_glyphicon glyphicon-user' is clicked on

2018-07-10 14:44:38 - [TEST_STEP][PASSED] - click: Object: 'Object Repository/CRM_ObjectRepositoryShipping/Page_ (7)/button_Sign Out' is clicked on

2018-07-10 14:44:39 - [MESSAGE][PASSED] - Object: 'Object Repository/CRM_ObjectRepositoryShipping/Page_ (7)/button_Sign Out' is clicked on

2018-07-10 14:44:39 - [TEST_STEP][PASSED] - takeScreenshot: Taking screenshot successfully

2018-07-10 14:44:39 - [MESSAGE][PASSED] - Taking screenshot successfully
[[ATTACHMENT|E:\\Avishek\\LOGMANPROJECT\\Reports\\CRM\\AddShipping\\20180710_144406\\1531214079085.png]]

2018-07-10 14:44:39 - [TEST_STEP][PASSED] - waitForJQueryLoad: jQuery is ready.

2018-07-10 14:44:39 - [MESSAGE][PASSED] - jQuery is ready.

2018-07-10 14:44:39 - [TEST_STEP][PASSED] - closeBrowser: Browser is closed

2018-07-10 14:44:40 - [MESSAGE][PASSED] - Browser is closed]]></system-out>
         <system-err><![CDATA[]]></system-err>
      </testcase>
      <system-out><![CDATA[2018-07-10 14:44:09 - [TEST_SUITE][PASSED] - AddShipping: Test Cases/CRM/AddShipping]]></system-out>
      <system-err><![CDATA[]]></system-err>
   </testsuite>
</testsuites>
