<?xml version="1.0" encoding="UTF-8"?>
<testsuites name="AddShipping" time="52" tests="0" failures="1" errors="0">
   <testsuite name="AddShipping" tests="0" failures="1" errors="0" time="52" timestamp="2018-07-10 13:06:15" hostname="Avishek - DESKTOP-UNOIIMH" id="Test Suites/CRM/AddShipping">
      <properties>
         <property name="deviceName" value=""/>
         <property name="devicePlatform" value=""/>
         <property name="logFolder" value="E:\\Avishek\\LOGMANPROJECT\\Reports\\CRM\\AddShipping\\20180710_130612"/>
         <property name="logFiles" value="E:\\Avishek\\LOGMANPROJECT\\Reports\\CRM\\AddShipping\\20180710_130612\\execution0.log"/>
         <property name="attachments" value="E:\\Avishek\\LOGMANPROJECT\\Reports\\CRM\\AddShipping\\20180710_130612\\1531208192711.png, E:\\Avishek\\LOGMANPROJECT\\Reports\\CRM\\AddShipping\\20180710_130612\\1531208226537.png"/>
         <property name="hostName" value="Avishek - DESKTOP-UNOIIMH"/>
         <property name="os" value="Windows 10 64bit"/>
         <property name="katalonVersion" value="5.4.2.1"/>
         <property name="browser" value="Chrome 67.0.3396.99"/>
         <property name="hostAddress" value="172.16.10.93"/>
         <property name="sessionId" value="73119fa82432d7a38fd5d14e201d5c56"/>
         <property name="seleniumVersion" value="3.7.1"/>
         <property name="proxyInformation" value="ProxyInformation{proxyOption=NO_PROXY, proxyServerType=HTTP, password=, proxyServerAddress=, proxyServerPort=0}"/>
         <property name="platform" value="Windows 10"/>
      </properties>
      <testcase name="Test Cases/CRM/AddShipping" classname="Test Cases/CRM/AddShipping" status="FAILED">
         <failure type="FAILED" message="Unable to select option by value 'JBCO000000001' of object 'Object Repository/CRM_ObjectRepositoryShipping/Page_/select_Select Booking NumberJB'  using regular expression (Root cause: com.kms.katalon.core.webui.exception.WebElementNotFoundException: Web element with id: 'Object Repository/CRM_ObjectRepositoryShipping/Page_/select_Select Booking NumberJB' located by 'By.xpath: //select[@name = 'ctl00$ContentPlaceHolder1$ddlBookingId' and @id = 'ContentPlaceHolder1_ddlBookingId' and @title = 'Please select a Booking Number from dropdown' and (text() = '
	Select Booking Number

JBCO000000001JBCO000000002JBCO000000003JBCO000000004JBCO000000005JBCO000000006JBCO000000007JBCO000000008JBCO000000009JBCO000000010JBCO000000011JBCO000000012JBCO000000013JBCO000000014JBCO000000015JBCO000000016JBCO000000017JBCO000000018JBCO000000019JBCO000000020JBCO000000022JBCO000000023JBCO000000024JBCO000000025JBCO000000026JBCO000000027JBCO000000028JBCO000000029JBCO000000030JBCO000000031JBCO000000032JBCO000000033JBCO000000038JBCO000000039JBCO000000040JBCO000000041JBCO000000042JBCO000000043JBCO000000044JBCO000000045JBCO000000046JBCO000000047JBCO000000048JBCO000000049JBCO000000050JBCO000000051JBCO000000052JBCO000000053JBCO000000054JBCO000000055JBCO000000056JBCO000000057JBCO000000058JBCO000000059JBCO000000060JBCO000000061JBCO000000062JBCO000000063JBCO000000064JBCO000000065JBCO000000066JBCO000000067JBCO000000068JBCO000000069JBCO000000070JBCO000000071JBCO000000072JBCO000000073JBCO000000074JBCO000000075JBCO000000076JBCO000000077JBCO000000078JBCO000000079JBCO000000080JBCO000000081JBCO000000082JBCO000000083JBCO000000084JBCO000000085JBCO000000086JBCO000000087JBCO000000088JBCO000000089JBCO000000090JBCO000000091JBCO000000092JBCO000000093JBCO000000094JBCO000000095JBCO000000096JBCO000000097JBCO000000098JBCO000000099JBCO000000100JBCO000000101JBCO000000102JBCO000000103JBCO000000104' or . = '
	Select Booking Number

JBCO000000001JBCO000000002JBCO000000003JBCO000000004JBCO000000005JBCO000000006JBCO000000007JBCO000000008JBCO000000009JBCO000000010JBCO000000011JBCO000000012JBCO000000013JBCO000000014JBCO000000015JBCO000000016JBCO000000017JBCO000000018JBCO000000019JBCO000000020JBCO000000022JBCO000000023JBCO000000024JBCO000000025JBCO000000026JBCO000000027JBCO000000028JBCO000000029JBCO000000030JBCO000000031JBCO000000032JBCO000000033JBCO000000038JBCO000000039JBCO000000040JBCO000000041JBCO000000042JBCO000000043JBCO000000044JBCO000000045JBCO000000046JBCO000000047JBCO000000048JBCO000000049JBCO000000050JBCO000000051JBCO000000052JBCO000000053JBCO000000054JBCO000000055JBCO000000056JBCO000000057JBCO000000058JBCO000000059JBCO000000060JBCO000000061JBCO000000062JBCO000000063JBCO000000064JBCO000000065JBCO000000066JBCO000000067JBCO000000068JBCO000000069JBCO000000070JBCO000000071JBCO000000072JBCO000000073JBCO000000074JBCO000000075JBCO000000076JBCO000000077JBCO000000078JBCO000000079JBCO000000080JBCO000000081JBCO000000082JBCO000000083JBCO000000084JBCO000000085JBCO000000086JBCO000000087JBCO000000088JBCO000000089JBCO000000090JBCO000000091JBCO000000092JBCO000000093JBCO000000094JBCO000000095JBCO000000096JBCO000000097JBCO000000098JBCO000000099JBCO000000100JBCO000000101JBCO000000102JBCO000000103JBCO000000104')]' not found)"/>
         <system-out><![CDATA[2018-07-10 13:06:16 - [TEST_CASE][FAILED] - Test Cases/CRM/AddShipping: Test Cases/CRM/AddShipping FAILED because (of) Unable to select option by value 'JBCO000000001' of object 'Object Repository/CRM_ObjectRepositoryShipping/Page_/select_Select Booking NumberJB'  using regular expression (Root cause: com.kms.katalon.core.webui.exception.WebElementNotFoundException: Web element with id: 'Object Repository/CRM_ObjectRepositoryShipping/Page_/select_Select Booking NumberJB' located by 'By.xpath: //select[@name = 'ctl00$ContentPlaceHolder1$ddlBookingId' and @id = 'ContentPlaceHolder1_ddlBookingId' and @title = 'Please select a Booking Number from dropdown' and (text() = '
	Select Booking Number

JBCO000000001JBCO000000002JBCO000000003JBCO000000004JBCO000000005JBCO000000006JBCO000000007JBCO000000008JBCO000000009JBCO000000010JBCO000000011JBCO000000012JBCO000000013JBCO000000014JBCO000000015JBCO000000016JBCO000000017JBCO000000018JBCO000000019JBCO000000020JBCO000000022JBCO000000023JBCO000000024JBCO000000025JBCO000000026JBCO000000027JBCO000000028JBCO000000029JBCO000000030JBCO000000031JBCO000000032JBCO000000033JBCO000000038JBCO000000039JBCO000000040JBCO000000041JBCO000000042JBCO000000043JBCO000000044JBCO000000045JBCO000000046JBCO000000047JBCO000000048JBCO000000049JBCO000000050JBCO000000051JBCO000000052JBCO000000053JBCO000000054JBCO000000055JBCO000000056JBCO000000057JBCO000000058JBCO000000059JBCO000000060JBCO000000061JBCO000000062JBCO000000063JBCO000000064JBCO000000065JBCO000000066JBCO000000067JBCO000000068JBCO000000069JBCO000000070JBCO000000071JBCO000000072JBCO000000073JBCO000000074JBCO000000075JBCO000000076JBCO000000077JBCO000000078JBCO000000079JBCO000000080JBCO000000081JBCO000000082JBCO000000083JBCO000000084JBCO000000085JBCO000000086JBCO000000087JBCO000000088JBCO000000089JBCO000000090JBCO000000091JBCO000000092JBCO000000093JBCO000000094JBCO000000095JBCO000000096JBCO000000097JBCO000000098JBCO000000099JBCO000000100JBCO000000101JBCO000000102JBCO000000103JBCO000000104' or . = '
	Select Booking Number

JBCO000000001JBCO000000002JBCO000000003JBCO000000004JBCO000000005JBCO000000006JBCO000000007JBCO000000008JBCO000000009JBCO000000010JBCO000000011JBCO000000012JBCO000000013JBCO000000014JBCO000000015JBCO000000016JBCO000000017JBCO000000018JBCO000000019JBCO000000020JBCO000000022JBCO000000023JBCO000000024JBCO000000025JBCO000000026JBCO000000027JBCO000000028JBCO000000029JBCO000000030JBCO000000031JBCO000000032JBCO000000033JBCO000000038JBCO000000039JBCO000000040JBCO000000041JBCO000000042JBCO000000043JBCO000000044JBCO000000045JBCO000000046JBCO000000047JBCO000000048JBCO000000049JBCO000000050JBCO000000051JBCO000000052JBCO000000053JBCO000000054JBCO000000055JBCO000000056JBCO000000057JBCO000000058JBCO000000059JBCO000000060JBCO000000061JBCO000000062JBCO000000063JBCO000000064JBCO000000065JBCO000000066JBCO000000067JBCO000000068JBCO000000069JBCO000000070JBCO000000071JBCO000000072JBCO000000073JBCO000000074JBCO000000075JBCO000000076JBCO000000077JBCO000000078JBCO000000079JBCO000000080JBCO000000081JBCO000000082JBCO000000083JBCO000000084JBCO000000085JBCO000000086JBCO000000087JBCO000000088JBCO000000089JBCO000000090JBCO000000091JBCO000000092JBCO000000093JBCO000000094JBCO000000095JBCO000000096JBCO000000097JBCO000000098JBCO000000099JBCO000000100JBCO000000101JBCO000000102JBCO000000103JBCO000000104')]' not found)

2018-07-10 13:06:17 - [TEST_STEP][PASSED] - openBrowser: Browser is opened with url: ''

2018-07-10 13:06:23 - [MESSAGE][PASSED] - Browser is opened with url: ''

2018-07-10 13:06:23 - [TEST_STEP][PASSED] - navigateToUrl: Navigate to 'http://portal.logmanproj.com/Login.aspx' successfully

2018-07-10 13:06:28 - [MESSAGE][PASSED] - Navigate to 'http://portal.logmanproj.com/Login.aspx' successfully

2018-07-10 13:06:28 - [TEST_STEP][PASSED] - maximizeWindow: Current window maximized

2018-07-10 13:06:29 - [MESSAGE][PASSED] - Current window maximized

2018-07-10 13:06:29 - [TEST_STEP][PASSED] - setText: Text 'tom@alter.com' is set on object 'Object Repository/CRM_ObjectRepositoryShipping/Page_JobyCo/input_ctl00ContentPlaceHolder1'

2018-07-10 13:06:30 - [MESSAGE][PASSED] - Text 'tom@alter.com' is set on object 'Object Repository/CRM_ObjectRepositoryShipping/Page_JobyCo/input_ctl00ContentPlaceHolder1'

2018-07-10 13:06:30 - [TEST_STEP][PASSED] - setText: Text 'tom123' is set on object 'Object Repository/CRM_ObjectRepositoryShipping/Page_JobyCo/input_ctl00ContentPlaceHolder1_1'

2018-07-10 13:06:30 - [MESSAGE][PASSED] - Text 'tom123' is set on object 'Object Repository/CRM_ObjectRepositoryShipping/Page_JobyCo/input_ctl00ContentPlaceHolder1_1'

2018-07-10 13:06:30 - [TEST_STEP][PASSED] - click: Object: 'Object Repository/CRM_ObjectRepositoryShipping/Page_JobyCo/input_ctl00ContentPlaceHolder1_2' is clicked on

2018-07-10 13:06:32 - [MESSAGE][PASSED] - Object: 'Object Repository/CRM_ObjectRepositoryShipping/Page_JobyCo/input_ctl00ContentPlaceHolder1_2' is clicked on

2018-07-10 13:06:32 - [TEST_STEP][PASSED] - takeScreenshot: Taking screenshot successfully

2018-07-10 13:06:33 - [MESSAGE][PASSED] - Taking screenshot successfully
[[ATTACHMENT|E:\\Avishek\\LOGMANPROJECT\\Reports\\CRM\\AddShipping\\20180710_130612\\1531208192711.png]]

2018-07-10 13:06:33 - [TEST_STEP][PASSED] - click: Object: 'Object Repository/CRM_ObjectRepositoryShipping/Page_/button_toggle navigation' is clicked on

2018-07-10 13:06:33 - [MESSAGE][PASSED] - Object: 'Object Repository/CRM_ObjectRepositoryShipping/Page_/button_toggle navigation' is clicked on

2018-07-10 13:06:33 - [TEST_STEP][PASSED] - click: Object: 'Object Repository/CRM_ObjectRepositoryShipping/Page_/a_Shipping' is clicked on

2018-07-10 13:06:33 - [MESSAGE][PASSED] - Object: 'Object Repository/CRM_ObjectRepositoryShipping/Page_/a_Shipping' is clicked on

2018-07-10 13:06:33 - [TEST_STEP][PASSED] - click: Object: 'Object Repository/CRM_ObjectRepositoryShipping/Page_/a_Add Shipping' is clicked on

2018-07-10 13:06:34 - [MESSAGE][PASSED] - Object: 'Object Repository/CRM_ObjectRepositoryShipping/Page_/a_Add Shipping' is clicked on

2018-07-10 13:06:34 - [TEST_STEP][PASSED] - setText: Text 'CVF6789' is set on object 'Object Repository/CRM_ObjectRepositoryShipping/Page_/input_ctl00ContentPlaceHolder1'

2018-07-10 13:06:34 - [MESSAGE][PASSED] - Text 'CVF6789' is set on object 'Object Repository/CRM_ObjectRepositoryShipping/Page_/input_ctl00ContentPlaceHolder1'

2018-07-10 13:06:34 - [TEST_STEP][PASSED] - setText: Text '89255896' is set on object 'Object Repository/CRM_ObjectRepositoryShipping/Page_/input_ctl00ContentPlaceHolder1_1'

2018-07-10 13:06:35 - [MESSAGE][PASSED] - Text '89255896' is set on object 'Object Repository/CRM_ObjectRepositoryShipping/Page_/input_ctl00ContentPlaceHolder1_1'

2018-07-10 13:06:35 - [TEST_STEP][FAILED] - selectOptionByValue: Unable to select option by value 'JBCO000000001' of object 'Object Repository/CRM_ObjectRepositoryShipping/Page_/select_Select Booking NumberJB'  using regular expression (Root cause: com.kms.katalon.core.webui.exception.WebElementNotFoundException: Web element with id: 'Object Repository/CRM_ObjectRepositoryShipping/Page_/select_Select Booking NumberJB' located by 'By.xpath: //select[@name = 'ctl00$ContentPlaceHolder1$ddlBookingId' and @id = 'ContentPlaceHolder1_ddlBookingId' and @title = 'Please select a Booking Number from dropdown' and (text() = '
	Select Booking Number

JBCO000000001JBCO000000002JBCO000000003JBCO000000004JBCO000000005JBCO000000006JBCO000000007JBCO000000008JBCO000000009JBCO000000010JBCO000000011JBCO000000012JBCO000000013JBCO000000014JBCO000000015JBCO000000016JBCO000000017JBCO000000018JBCO000000019JBCO000000020JBCO000000022JBCO000000023JBCO000000024JBCO000000025JBCO000000026JBCO000000027JBCO000000028JBCO000000029JBCO000000030JBCO000000031JBCO000000032JBCO000000033JBCO000000038JBCO000000039JBCO000000040JBCO000000041JBCO000000042JBCO000000043JBCO000000044JBCO000000045JBCO000000046JBCO000000047JBCO000000048JBCO000000049JBCO000000050JBCO000000051JBCO000000052JBCO000000053JBCO000000054JBCO000000055JBCO000000056JBCO000000057JBCO000000058JBCO000000059JBCO000000060JBCO000000061JBCO000000062JBCO000000063JBCO000000064JBCO000000065JBCO000000066JBCO000000067JBCO000000068JBCO000000069JBCO000000070JBCO000000071JBCO000000072JBCO000000073JBCO000000074JBCO000000075JBCO000000076JBCO000000077JBCO000000078JBCO000000079JBCO000000080JBCO000000081JBCO000000082JBCO000000083JBCO000000084JBCO000000085JBCO000000086JBCO000000087JBCO000000088JBCO000000089JBCO000000090JBCO000000091JBCO000000092JBCO000000093JBCO000000094JBCO000000095JBCO000000096JBCO000000097JBCO000000098JBCO000000099JBCO000000100JBCO000000101JBCO000000102JBCO000000103JBCO000000104' or . = '
	Select Booking Number

JBCO000000001JBCO000000002JBCO000000003JBCO000000004JBCO000000005JBCO000000006JBCO000000007JBCO000000008JBCO000000009JBCO000000010JBCO000000011JBCO000000012JBCO000000013JBCO000000014JBCO000000015JBCO000000016JBCO000000017JBCO000000018JBCO000000019JBCO000000020JBCO000000022JBCO000000023JBCO000000024JBCO000000025JBCO000000026JBCO000000027JBCO000000028JBCO000000029JBCO000000030JBCO000000031JBCO000000032JBCO000000033JBCO000000038JBCO000000039JBCO000000040JBCO000000041JBCO000000042JBCO000000043JBCO000000044JBCO000000045JBCO000000046JBCO000000047JBCO000000048JBCO000000049JBCO000000050JBCO000000051JBCO000000052JBCO000000053JBCO000000054JBCO000000055JBCO000000056JBCO000000057JBCO000000058JBCO000000059JBCO000000060JBCO000000061JBCO000000062JBCO000000063JBCO000000064JBCO000000065JBCO000000066JBCO000000067JBCO000000068JBCO000000069JBCO000000070JBCO000000071JBCO000000072JBCO000000073JBCO000000074JBCO000000075JBCO000000076JBCO000000077JBCO000000078JBCO000000079JBCO000000080JBCO000000081JBCO000000082JBCO000000083JBCO000000084JBCO000000085JBCO000000086JBCO000000087JBCO000000088JBCO000000089JBCO000000090JBCO000000091JBCO000000092JBCO000000093JBCO000000094JBCO000000095JBCO000000096JBCO000000097JBCO000000098JBCO000000099JBCO000000100JBCO000000101JBCO000000102JBCO000000103JBCO000000104')]' not found)

2018-07-10 13:07:06 - [MESSAGE][FAILED] - Unable to select option by value 'JBCO000000001' of object 'Object Repository/CRM_ObjectRepositoryShipping/Page_/select_Select Booking NumberJB'  using regular expression (Root cause: com.kms.katalon.core.webui.exception.WebElementNotFoundException: Web element with id: 'Object Repository/CRM_ObjectRepositoryShipping/Page_/select_Select Booking NumberJB' located by 'By.xpath: //select[@name = 'ctl00$ContentPlaceHolder1$ddlBookingId' and @id = 'ContentPlaceHolder1_ddlBookingId' and @title = 'Please select a Booking Number from dropdown' and (text() = '
	Select Booking Number

JBCO000000001JBCO000000002JBCO000000003JBCO000000004JBCO000000005JBCO000000006JBCO000000007JBCO000000008JBCO000000009JBCO000000010JBCO000000011JBCO000000012JBCO000000013JBCO000000014JBCO000000015JBCO000000016JBCO000000017JBCO000000018JBCO000000019JBCO000000020JBCO000000022JBCO000000023JBCO000000024JBCO000000025JBCO000000026JBCO000000027JBCO000000028JBCO000000029JBCO000000030JBCO000000031JBCO000000032JBCO000000033JBCO000000038JBCO000000039JBCO000000040JBCO000000041JBCO000000042JBCO000000043JBCO000000044JBCO000000045JBCO000000046JBCO000000047JBCO000000048JBCO000000049JBCO000000050JBCO000000051JBCO000000052JBCO000000053JBCO000000054JBCO000000055JBCO000000056JBCO000000057JBCO000000058JBCO000000059JBCO000000060JBCO000000061JBCO000000062JBCO000000063JBCO000000064JBCO000000065JBCO000000066JBCO000000067JBCO000000068JBCO000000069JBCO000000070JBCO000000071JBCO000000072JBCO000000073JBCO000000074JBCO000000075JBCO000000076JBCO000000077JBCO000000078JBCO000000079JBCO000000080JBCO000000081JBCO000000082JBCO000000083JBCO000000084JBCO000000085JBCO000000086JBCO000000087JBCO000000088JBCO000000089JBCO000000090JBCO000000091JBCO000000092JBCO000000093JBCO000000094JBCO000000095JBCO000000096JBCO000000097JBCO000000098JBCO000000099JBCO000000100JBCO000000101JBCO000000102JBCO000000103JBCO000000104' or . = '
	Select Booking Number

JBCO000000001JBCO000000002JBCO000000003JBCO000000004JBCO000000005JBCO000000006JBCO000000007JBCO000000008JBCO000000009JBCO000000010JBCO000000011JBCO000000012JBCO000000013JBCO000000014JBCO000000015JBCO000000016JBCO000000017JBCO000000018JBCO000000019JBCO000000020JBCO000000022JBCO000000023JBCO000000024JBCO000000025JBCO000000026JBCO000000027JBCO000000028JBCO000000029JBCO000000030JBCO000000031JBCO000000032JBCO000000033JBCO000000038JBCO000000039JBCO000000040JBCO000000041JBCO000000042JBCO000000043JBCO000000044JBCO000000045JBCO000000046JBCO000000047JBCO000000048JBCO000000049JBCO000000050JBCO000000051JBCO000000052JBCO000000053JBCO000000054JBCO000000055JBCO000000056JBCO000000057JBCO000000058JBCO000000059JBCO000000060JBCO000000061JBCO000000062JBCO000000063JBCO000000064JBCO000000065JBCO000000066JBCO000000067JBCO000000068JBCO000000069JBCO000000070JBCO000000071JBCO000000072JBCO000000073JBCO000000074JBCO000000075JBCO000000076JBCO000000077JBCO000000078JBCO000000079JBCO000000080JBCO000000081JBCO000000082JBCO000000083JBCO000000084JBCO000000085JBCO000000086JBCO000000087JBCO000000088JBCO000000089JBCO000000090JBCO000000091JBCO000000092JBCO000000093JBCO000000094JBCO000000095JBCO000000096JBCO000000097JBCO000000098JBCO000000099JBCO000000100JBCO000000101JBCO000000102JBCO000000103JBCO000000104')]' not found)
[[ATTACHMENT|E:\\Avishek\\LOGMANPROJECT\\Reports\\CRM\\AddShipping\\20180710_130612\\1531208226537.png]]]]></system-out>
         <system-err><![CDATA[2018-07-10 13:06:16 - [TEST_CASE][FAILED] - Test Cases/CRM/AddShipping: Test Cases/CRM/AddShipping FAILED because (of) Unable to select option by value 'JBCO000000001' of object 'Object Repository/CRM_ObjectRepositoryShipping/Page_/select_Select Booking NumberJB'  using regular expression (Root cause: com.kms.katalon.core.webui.exception.WebElementNotFoundException: Web element with id: 'Object Repository/CRM_ObjectRepositoryShipping/Page_/select_Select Booking NumberJB' located by 'By.xpath: //select[@name = 'ctl00$ContentPlaceHolder1$ddlBookingId' and @id = 'ContentPlaceHolder1_ddlBookingId' and @title = 'Please select a Booking Number from dropdown' and (text() = '
	Select Booking Number

JBCO000000001JBCO000000002JBCO000000003JBCO000000004JBCO000000005JBCO000000006JBCO000000007JBCO000000008JBCO000000009JBCO000000010JBCO000000011JBCO000000012JBCO000000013JBCO000000014JBCO000000015JBCO000000016JBCO000000017JBCO000000018JBCO000000019JBCO000000020JBCO000000022JBCO000000023JBCO000000024JBCO000000025JBCO000000026JBCO000000027JBCO000000028JBCO000000029JBCO000000030JBCO000000031JBCO000000032JBCO000000033JBCO000000038JBCO000000039JBCO000000040JBCO000000041JBCO000000042JBCO000000043JBCO000000044JBCO000000045JBCO000000046JBCO000000047JBCO000000048JBCO000000049JBCO000000050JBCO000000051JBCO000000052JBCO000000053JBCO000000054JBCO000000055JBCO000000056JBCO000000057JBCO000000058JBCO000000059JBCO000000060JBCO000000061JBCO000000062JBCO000000063JBCO000000064JBCO000000065JBCO000000066JBCO000000067JBCO000000068JBCO000000069JBCO000000070JBCO000000071JBCO000000072JBCO000000073JBCO000000074JBCO000000075JBCO000000076JBCO000000077JBCO000000078JBCO000000079JBCO000000080JBCO000000081JBCO000000082JBCO000000083JBCO000000084JBCO000000085JBCO000000086JBCO000000087JBCO000000088JBCO000000089JBCO000000090JBCO000000091JBCO000000092JBCO000000093JBCO000000094JBCO000000095JBCO000000096JBCO000000097JBCO000000098JBCO000000099JBCO000000100JBCO000000101JBCO000000102JBCO000000103JBCO000000104' or . = '
	Select Booking Number

JBCO000000001JBCO000000002JBCO000000003JBCO000000004JBCO000000005JBCO000000006JBCO000000007JBCO000000008JBCO000000009JBCO000000010JBCO000000011JBCO000000012JBCO000000013JBCO000000014JBCO000000015JBCO000000016JBCO000000017JBCO000000018JBCO000000019JBCO000000020JBCO000000022JBCO000000023JBCO000000024JBCO000000025JBCO000000026JBCO000000027JBCO000000028JBCO000000029JBCO000000030JBCO000000031JBCO000000032JBCO000000033JBCO000000038JBCO000000039JBCO000000040JBCO000000041JBCO000000042JBCO000000043JBCO000000044JBCO000000045JBCO000000046JBCO000000047JBCO000000048JBCO000000049JBCO000000050JBCO000000051JBCO000000052JBCO000000053JBCO000000054JBCO000000055JBCO000000056JBCO000000057JBCO000000058JBCO000000059JBCO000000060JBCO000000061JBCO000000062JBCO000000063JBCO000000064JBCO000000065JBCO000000066JBCO000000067JBCO000000068JBCO000000069JBCO000000070JBCO000000071JBCO000000072JBCO000000073JBCO000000074JBCO000000075JBCO000000076JBCO000000077JBCO000000078JBCO000000079JBCO000000080JBCO000000081JBCO000000082JBCO000000083JBCO000000084JBCO000000085JBCO000000086JBCO000000087JBCO000000088JBCO000000089JBCO000000090JBCO000000091JBCO000000092JBCO000000093JBCO000000094JBCO000000095JBCO000000096JBCO000000097JBCO000000098JBCO000000099JBCO000000100JBCO000000101JBCO000000102JBCO000000103JBCO000000104')]' not found)]]></system-err>
      </testcase>
      <system-out><![CDATA[2018-07-10 13:06:15 - [TEST_SUITE][FAILED] - AddShipping: Test Cases/CRM/AddShipping FAILED because (of) Unable to select option by value 'JBCO000000001' of object 'Object Repository/CRM_ObjectRepositoryShipping/Page_/select_Select Booking NumberJB'  using regular expression (Root cause: com.kms.katalon.core.webui.exception.WebElementNotFoundException: Web element with id: 'Object Repository/CRM_ObjectRepositoryShipping/Page_/select_Select Booking NumberJB' located by 'By.xpath: //select[@name = 'ctl00$ContentPlaceHolder1$ddlBookingId' and @id = 'ContentPlaceHolder1_ddlBookingId' and @title = 'Please select a Booking Number from dropdown' and (text() = '
	Select Booking Number

JBCO000000001JBCO000000002JBCO000000003JBCO000000004JBCO000000005JBCO000000006JBCO000000007JBCO000000008JBCO000000009JBCO000000010JBCO000000011JBCO000000012JBCO000000013JBCO000000014JBCO000000015JBCO000000016JBCO000000017JBCO000000018JBCO000000019JBCO000000020JBCO000000022JBCO000000023JBCO000000024JBCO000000025JBCO000000026JBCO000000027JBCO000000028JBCO000000029JBCO000000030JBCO000000031JBCO000000032JBCO000000033JBCO000000038JBCO000000039JBCO000000040JBCO000000041JBCO000000042JBCO000000043JBCO000000044JBCO000000045JBCO000000046JBCO000000047JBCO000000048JBCO000000049JBCO000000050JBCO000000051JBCO000000052JBCO000000053JBCO000000054JBCO000000055JBCO000000056JBCO000000057JBCO000000058JBCO000000059JBCO000000060JBCO000000061JBCO000000062JBCO000000063JBCO000000064JBCO000000065JBCO000000066JBCO000000067JBCO000000068JBCO000000069JBCO000000070JBCO000000071JBCO000000072JBCO000000073JBCO000000074JBCO000000075JBCO000000076JBCO000000077JBCO000000078JBCO000000079JBCO000000080JBCO000000081JBCO000000082JBCO000000083JBCO000000084JBCO000000085JBCO000000086JBCO000000087JBCO000000088JBCO000000089JBCO000000090JBCO000000091JBCO000000092JBCO000000093JBCO000000094JBCO000000095JBCO000000096JBCO000000097JBCO000000098JBCO000000099JBCO000000100JBCO000000101JBCO000000102JBCO000000103JBCO000000104' or . = '
	Select Booking Number

JBCO000000001JBCO000000002JBCO000000003JBCO000000004JBCO000000005JBCO000000006JBCO000000007JBCO000000008JBCO000000009JBCO000000010JBCO000000011JBCO000000012JBCO000000013JBCO000000014JBCO000000015JBCO000000016JBCO000000017JBCO000000018JBCO000000019JBCO000000020JBCO000000022JBCO000000023JBCO000000024JBCO000000025JBCO000000026JBCO000000027JBCO000000028JBCO000000029JBCO000000030JBCO000000031JBCO000000032JBCO000000033JBCO000000038JBCO000000039JBCO000000040JBCO000000041JBCO000000042JBCO000000043JBCO000000044JBCO000000045JBCO000000046JBCO000000047JBCO000000048JBCO000000049JBCO000000050JBCO000000051JBCO000000052JBCO000000053JBCO000000054JBCO000000055JBCO000000056JBCO000000057JBCO000000058JBCO000000059JBCO000000060JBCO000000061JBCO000000062JBCO000000063JBCO000000064JBCO000000065JBCO000000066JBCO000000067JBCO000000068JBCO000000069JBCO000000070JBCO000000071JBCO000000072JBCO000000073JBCO000000074JBCO000000075JBCO000000076JBCO000000077JBCO000000078JBCO000000079JBCO000000080JBCO000000081JBCO000000082JBCO000000083JBCO000000084JBCO000000085JBCO000000086JBCO000000087JBCO000000088JBCO000000089JBCO000000090JBCO000000091JBCO000000092JBCO000000093JBCO000000094JBCO000000095JBCO000000096JBCO000000097JBCO000000098JBCO000000099JBCO000000100JBCO000000101JBCO000000102JBCO000000103JBCO000000104')]' not found)]]></system-out>
      <system-err><![CDATA[2018-07-10 13:06:15 - [TEST_SUITE][FAILED] - AddShipping: Test Cases/CRM/AddShipping FAILED because (of) Unable to select option by value 'JBCO000000001' of object 'Object Repository/CRM_ObjectRepositoryShipping/Page_/select_Select Booking NumberJB'  using regular expression (Root cause: com.kms.katalon.core.webui.exception.WebElementNotFoundException: Web element with id: 'Object Repository/CRM_ObjectRepositoryShipping/Page_/select_Select Booking NumberJB' located by 'By.xpath: //select[@name = 'ctl00$ContentPlaceHolder1$ddlBookingId' and @id = 'ContentPlaceHolder1_ddlBookingId' and @title = 'Please select a Booking Number from dropdown' and (text() = '
	Select Booking Number

JBCO000000001JBCO000000002JBCO000000003JBCO000000004JBCO000000005JBCO000000006JBCO000000007JBCO000000008JBCO000000009JBCO000000010JBCO000000011JBCO000000012JBCO000000013JBCO000000014JBCO000000015JBCO000000016JBCO000000017JBCO000000018JBCO000000019JBCO000000020JBCO000000022JBCO000000023JBCO000000024JBCO000000025JBCO000000026JBCO000000027JBCO000000028JBCO000000029JBCO000000030JBCO000000031JBCO000000032JBCO000000033JBCO000000038JBCO000000039JBCO000000040JBCO000000041JBCO000000042JBCO000000043JBCO000000044JBCO000000045JBCO000000046JBCO000000047JBCO000000048JBCO000000049JBCO000000050JBCO000000051JBCO000000052JBCO000000053JBCO000000054JBCO000000055JBCO000000056JBCO000000057JBCO000000058JBCO000000059JBCO000000060JBCO000000061JBCO000000062JBCO000000063JBCO000000064JBCO000000065JBCO000000066JBCO000000067JBCO000000068JBCO000000069JBCO000000070JBCO000000071JBCO000000072JBCO000000073JBCO000000074JBCO000000075JBCO000000076JBCO000000077JBCO000000078JBCO000000079JBCO000000080JBCO000000081JBCO000000082JBCO000000083JBCO000000084JBCO000000085JBCO000000086JBCO000000087JBCO000000088JBCO000000089JBCO000000090JBCO000000091JBCO000000092JBCO000000093JBCO000000094JBCO000000095JBCO000000096JBCO000000097JBCO000000098JBCO000000099JBCO000000100JBCO000000101JBCO000000102JBCO000000103JBCO000000104' or . = '
	Select Booking Number

JBCO000000001JBCO000000002JBCO000000003JBCO000000004JBCO000000005JBCO000000006JBCO000000007JBCO000000008JBCO000000009JBCO000000010JBCO000000011JBCO000000012JBCO000000013JBCO000000014JBCO000000015JBCO000000016JBCO000000017JBCO000000018JBCO000000019JBCO000000020JBCO000000022JBCO000000023JBCO000000024JBCO000000025JBCO000000026JBCO000000027JBCO000000028JBCO000000029JBCO000000030JBCO000000031JBCO000000032JBCO000000033JBCO000000038JBCO000000039JBCO000000040JBCO000000041JBCO000000042JBCO000000043JBCO000000044JBCO000000045JBCO000000046JBCO000000047JBCO000000048JBCO000000049JBCO000000050JBCO000000051JBCO000000052JBCO000000053JBCO000000054JBCO000000055JBCO000000056JBCO000000057JBCO000000058JBCO000000059JBCO000000060JBCO000000061JBCO000000062JBCO000000063JBCO000000064JBCO000000065JBCO000000066JBCO000000067JBCO000000068JBCO000000069JBCO000000070JBCO000000071JBCO000000072JBCO000000073JBCO000000074JBCO000000075JBCO000000076JBCO000000077JBCO000000078JBCO000000079JBCO000000080JBCO000000081JBCO000000082JBCO000000083JBCO000000084JBCO000000085JBCO000000086JBCO000000087JBCO000000088JBCO000000089JBCO000000090JBCO000000091JBCO000000092JBCO000000093JBCO000000094JBCO000000095JBCO000000096JBCO000000097JBCO000000098JBCO000000099JBCO000000100JBCO000000101JBCO000000102JBCO000000103JBCO000000104')]' not found)]]></system-err>
   </testsuite>
</testsuites>
