<?xml version="1.0" encoding="UTF-8"?>
<testsuites name="MultipleLoginLogout" time="36" tests="1" failures="0" errors="0">
   <testsuite name="MultipleLoginLogout" tests="1" failures="0" errors="0" time="36" timestamp="2018-07-10 14:45:33" hostname="Avishek - DESKTOP-UNOIIMH" id="Test Suites/Demo/MultipleLoginLogout">
      <properties>
         <property name="deviceName" value=""/>
         <property name="devicePlatform" value=""/>
         <property name="logFolder" value="E:\\Avishek\\LOGMANPROJECT\\Reports\\Demo\\MultipleLoginLogout\\20180710_144406"/>
         <property name="logFiles" value="E:\\Avishek\\LOGMANPROJECT\\Reports\\Demo\\MultipleLoginLogout\\20180710_144406\\execution0.log"/>
         <property name="attachments" value="E:\\Avishek\\LOGMANPROJECT\\Reports\\Demo\\MultipleLoginLogout\\20180710_144406\\1531214145550.png, E:\\Avishek\\LOGMANPROJECT\\Reports\\Demo\\MultipleLoginLogout\\20180710_144406\\1531214147488.png, E:\\Avishek\\LOGMANPROJECT\\Reports\\Demo\\MultipleLoginLogout\\20180710_144406\\1531214156430.png, E:\\Avishek\\LOGMANPROJECT\\Reports\\Demo\\MultipleLoginLogout\\20180710_144406\\1531214158224.png, E:\\Avishek\\LOGMANPROJECT\\Reports\\Demo\\MultipleLoginLogout\\20180710_144406\\1531214167197.png, E:\\Avishek\\LOGMANPROJECT\\Reports\\Demo\\MultipleLoginLogout\\20180710_144406\\1531214168948.png"/>
         <property name="hostName" value="Avishek - DESKTOP-UNOIIMH"/>
         <property name="os" value="Windows 10 64bit"/>
         <property name="katalonVersion" value="5.4.2.1"/>
         <property name="browser" value="Chrome 67.0.3396.99"/>
         <property name="hostAddress" value="172.16.10.93"/>
         <property name="sessionId" value="e49afbe1faf742151e3002f909d3ddc2"/>
         <property name="seleniumVersion" value="3.7.1"/>
         <property name="proxyInformation" value="ProxyInformation{proxyOption=NO_PROXY, proxyServerType=HTTP, password=, proxyServerAddress=, proxyServerPort=0}"/>
         <property name="platform" value="Windows 10"/>
      </properties>
      <testcase name="Test Cases/Demo/LoginandLogoutWithMultipledata" classname="Test Cases/Demo/LoginandLogoutWithMultipledata" status="PASSED">
         <system-out><![CDATA[2018-07-10 14:45:34 - [TEST_CASE][PASSED] - Test Cases/Demo/LoginandLogoutWithMultipledata: Test Cases/Demo/LoginandLogoutWithMultipledata

2018-07-10 14:45:34 - [TEST_STEP][PASSED] - Statement - data = com.kms.katalon.core.testdata.TestDataFactory.findTestData(Demo/New Test Data): Test data is internal data, reading internal data

2018-07-10 14:45:34 - [TEST_STEP][PASSED] - Statement - For (def index : (0..(data.getRowNumbers() - 1))): Browser is closed

2018-07-10 14:45:34 - [TEST_STEP][PASSED] - openBrowser: Browser is opened with url: ''

2018-07-10 14:45:38 - [MESSAGE][PASSED] - Browser is opened with url: ''

2018-07-10 14:45:38 - [TEST_STEP][PASSED] - navigateToUrl: Navigate to 'http://logmanproj.com/Login.aspx' successfully

2018-07-10 14:45:43 - [MESSAGE][PASSED] - Navigate to 'http://logmanproj.com/Login.aspx' successfully

2018-07-10 14:45:43 - [TEST_STEP][PASSED] - setText: Text 'avishek20@mailinator.com' is set on object 'Object Repository/Demo/Page_JobyCo/input_ctl00ContentPlaceHolder1'

2018-07-10 14:45:44 - [MESSAGE][PASSED] - Text 'avishek20@mailinator.com' is set on object 'Object Repository/Demo/Page_JobyCo/input_ctl00ContentPlaceHolder1'

2018-07-10 14:45:44 - [TEST_STEP][PASSED] - setText: Text '123456' is set on object 'Object Repository/Demo/Page_JobyCo/input_ctl00ContentPlaceHolder1_1'

2018-07-10 14:45:44 - [MESSAGE][PASSED] - Text '123456' is set on object 'Object Repository/Demo/Page_JobyCo/input_ctl00ContentPlaceHolder1_1'

2018-07-10 14:45:44 - [TEST_STEP][PASSED] - click: Object: 'Object Repository/Demo/Page_JobyCo/input_ctl00ContentPlaceHolder1_2' is clicked on

2018-07-10 14:45:45 - [MESSAGE][PASSED] - Object: 'Object Repository/Demo/Page_JobyCo/input_ctl00ContentPlaceHolder1_2' is clicked on

2018-07-10 14:45:45 - [TEST_STEP][PASSED] - takeScreenshot: Taking screenshot successfully

2018-07-10 14:45:46 - [MESSAGE][PASSED] - Taking screenshot successfully
[[ATTACHMENT|E:\\Avishek\\LOGMANPROJECT\\Reports\\Demo\\MultipleLoginLogout\\20180710_144406\\1531214145550.png]]

2018-07-10 14:45:46 - [TEST_STEP][PASSED] - click: Object: 'Object Repository/Demo/Page_/span_glyphicon glyphicon-user' is clicked on

2018-07-10 14:45:46 - [MESSAGE][PASSED] - Object: 'Object Repository/Demo/Page_/span_glyphicon glyphicon-user' is clicked on

2018-07-10 14:45:46 - [TEST_STEP][PASSED] - click: Object: 'Object Repository/Demo/Page_/button_Sign Out' is clicked on

2018-07-10 14:45:47 - [MESSAGE][PASSED] - Object: 'Object Repository/Demo/Page_/button_Sign Out' is clicked on

2018-07-10 14:45:47 - [TEST_STEP][PASSED] - takeScreenshot: Taking screenshot successfully

2018-07-10 14:45:48 - [MESSAGE][PASSED] - Taking screenshot successfully
[[ATTACHMENT|E:\\Avishek\\LOGMANPROJECT\\Reports\\Demo\\MultipleLoginLogout\\20180710_144406\\1531214147488.png]]

2018-07-10 14:45:48 - [TEST_STEP][PASSED] - closeBrowser: Browser is closed

2018-07-10 14:45:49 - [MESSAGE][PASSED] - Browser is closed

2018-07-10 14:45:49 - [TEST_STEP][PASSED] - openBrowser: Browser is opened with url: ''

2018-07-10 14:45:51 - [MESSAGE][PASSED] - Browser is opened with url: ''

2018-07-10 14:45:51 - [TEST_STEP][PASSED] - navigateToUrl: Navigate to 'http://logmanproj.com/Login.aspx' successfully

2018-07-10 14:45:54 - [MESSAGE][PASSED] - Navigate to 'http://logmanproj.com/Login.aspx' successfully

2018-07-10 14:45:54 - [TEST_STEP][PASSED] - setText: Text 'avishek21@mailinator.com' is set on object 'Object Repository/Demo/Page_JobyCo/input_ctl00ContentPlaceHolder1'

2018-07-10 14:45:55 - [MESSAGE][PASSED] - Text 'avishek21@mailinator.com' is set on object 'Object Repository/Demo/Page_JobyCo/input_ctl00ContentPlaceHolder1'

2018-07-10 14:45:55 - [TEST_STEP][PASSED] - setText: Text '123456' is set on object 'Object Repository/Demo/Page_JobyCo/input_ctl00ContentPlaceHolder1_1'

2018-07-10 14:45:55 - [MESSAGE][PASSED] - Text '123456' is set on object 'Object Repository/Demo/Page_JobyCo/input_ctl00ContentPlaceHolder1_1'

2018-07-10 14:45:55 - [TEST_STEP][PASSED] - click: Object: 'Object Repository/Demo/Page_JobyCo/input_ctl00ContentPlaceHolder1_2' is clicked on

2018-07-10 14:45:56 - [MESSAGE][PASSED] - Object: 'Object Repository/Demo/Page_JobyCo/input_ctl00ContentPlaceHolder1_2' is clicked on

2018-07-10 14:45:56 - [TEST_STEP][PASSED] - takeScreenshot: Taking screenshot successfully

2018-07-10 14:45:56 - [MESSAGE][PASSED] - Taking screenshot successfully
[[ATTACHMENT|E:\\Avishek\\LOGMANPROJECT\\Reports\\Demo\\MultipleLoginLogout\\20180710_144406\\1531214156430.png]]

2018-07-10 14:45:56 - [TEST_STEP][PASSED] - click: Object: 'Object Repository/Demo/Page_/span_glyphicon glyphicon-user' is clicked on

2018-07-10 14:45:57 - [MESSAGE][PASSED] - Object: 'Object Repository/Demo/Page_/span_glyphicon glyphicon-user' is clicked on

2018-07-10 14:45:57 - [TEST_STEP][PASSED] - click: Object: 'Object Repository/Demo/Page_/button_Sign Out' is clicked on

2018-07-10 14:45:58 - [MESSAGE][PASSED] - Object: 'Object Repository/Demo/Page_/button_Sign Out' is clicked on

2018-07-10 14:45:58 - [TEST_STEP][PASSED] - takeScreenshot: Taking screenshot successfully

2018-07-10 14:45:58 - [MESSAGE][PASSED] - Taking screenshot successfully
[[ATTACHMENT|E:\\Avishek\\LOGMANPROJECT\\Reports\\Demo\\MultipleLoginLogout\\20180710_144406\\1531214158224.png]]

2018-07-10 14:45:58 - [TEST_STEP][PASSED] - closeBrowser: Browser is closed

2018-07-10 14:45:59 - [MESSAGE][PASSED] - Browser is closed

2018-07-10 14:45:59 - [TEST_STEP][PASSED] - openBrowser: Browser is opened with url: ''

2018-07-10 14:46:01 - [MESSAGE][PASSED] - Browser is opened with url: ''

2018-07-10 14:46:01 - [TEST_STEP][PASSED] - navigateToUrl: Navigate to 'http://logmanproj.com/Login.aspx' successfully

2018-07-10 14:46:05 - [MESSAGE][PASSED] - Navigate to 'http://logmanproj.com/Login.aspx' successfully

2018-07-10 14:46:05 - [TEST_STEP][PASSED] - setText: Text 'avishek22@mailinator.com' is set on object 'Object Repository/Demo/Page_JobyCo/input_ctl00ContentPlaceHolder1'

2018-07-10 14:46:05 - [MESSAGE][PASSED] - Text 'avishek22@mailinator.com' is set on object 'Object Repository/Demo/Page_JobyCo/input_ctl00ContentPlaceHolder1'

2018-07-10 14:46:05 - [TEST_STEP][PASSED] - setText: Text '123456' is set on object 'Object Repository/Demo/Page_JobyCo/input_ctl00ContentPlaceHolder1_1'

2018-07-10 14:46:06 - [MESSAGE][PASSED] - Text '123456' is set on object 'Object Repository/Demo/Page_JobyCo/input_ctl00ContentPlaceHolder1_1'

2018-07-10 14:46:06 - [TEST_STEP][PASSED] - click: Object: 'Object Repository/Demo/Page_JobyCo/input_ctl00ContentPlaceHolder1_2' is clicked on

2018-07-10 14:46:07 - [MESSAGE][PASSED] - Object: 'Object Repository/Demo/Page_JobyCo/input_ctl00ContentPlaceHolder1_2' is clicked on

2018-07-10 14:46:07 - [TEST_STEP][PASSED] - takeScreenshot: Taking screenshot successfully

2018-07-10 14:46:07 - [MESSAGE][PASSED] - Taking screenshot successfully
[[ATTACHMENT|E:\\Avishek\\LOGMANPROJECT\\Reports\\Demo\\MultipleLoginLogout\\20180710_144406\\1531214167197.png]]

2018-07-10 14:46:07 - [TEST_STEP][PASSED] - click: Object: 'Object Repository/Demo/Page_/span_glyphicon glyphicon-user' is clicked on

2018-07-10 14:46:07 - [MESSAGE][PASSED] - Object: 'Object Repository/Demo/Page_/span_glyphicon glyphicon-user' is clicked on

2018-07-10 14:46:07 - [TEST_STEP][PASSED] - click: Object: 'Object Repository/Demo/Page_/button_Sign Out' is clicked on

2018-07-10 14:46:08 - [MESSAGE][PASSED] - Object: 'Object Repository/Demo/Page_/button_Sign Out' is clicked on

2018-07-10 14:46:08 - [TEST_STEP][PASSED] - takeScreenshot: Taking screenshot successfully

2018-07-10 14:46:09 - [MESSAGE][PASSED] - Taking screenshot successfully
[[ATTACHMENT|E:\\Avishek\\LOGMANPROJECT\\Reports\\Demo\\MultipleLoginLogout\\20180710_144406\\1531214168948.png]]

2018-07-10 14:46:09 - [TEST_STEP][PASSED] - closeBrowser: Browser is closed

2018-07-10 14:46:10 - [MESSAGE][PASSED] - Browser is closed]]></system-out>
         <system-err><![CDATA[]]></system-err>
      </testcase>
      <system-out><![CDATA[2018-07-10 14:45:33 - [TEST_SUITE][PASSED] - MultipleLoginLogout: Test Cases/Demo/LoginandLogoutWithMultipledata]]></system-out>
      <system-err><![CDATA[]]></system-err>
   </testsuite>
</testsuites>
