<?xml version="1.0" encoding="UTF-8"?>
<testsuites name="AddBooking" time="48" tests="1" failures="0" errors="0">
   <testsuite name="AddBooking" tests="1" failures="0" errors="0" time="48" timestamp="2018-07-24 18:27:42" hostname="Avishek - DESKTOP-UNOIIMH" id="Test Suites/CRM/AddBooking">
      <properties>
         <property name="deviceName" value=""/>
         <property name="devicePlatform" value=""/>
         <property name="logFolder" value="E:\\Avishek\\LOGMANPROJECT\\Reports\\CRM\\AddBooking\\20180724_182739"/>
         <property name="logFiles" value="E:\\Avishek\\LOGMANPROJECT\\Reports\\CRM\\AddBooking\\20180724_182739\\execution0.log"/>
         <property name="attachments" value=""/>
         <property name="hostName" value="Avishek - DESKTOP-UNOIIMH"/>
         <property name="os" value="Windows 10 64bit"/>
         <property name="katalonVersion" value="5.5.0.1"/>
         <property name="browser" value="Chrome 67.0.3396.99"/>
         <property name="hostAddress" value="172.16.10.89"/>
         <property name="sessionId" value="9b719dcf76a7e22c5cd0acf70cd5d478"/>
         <property name="seleniumVersion" value="3.7.1"/>
         <property name="proxyInformation" value="ProxyInformation{proxyOption=NO_PROXY, proxyServerType=HTTP, password=, proxyServerAddress=, proxyServerPort=0}"/>
         <property name="platform" value="Windows 10"/>
      </properties>
      <testcase name="Test Cases/CRM/AddBooking" classname="Test Cases/CRM/AddBooking" status="PASSED">
         <system-out><![CDATA[2018-07-24 18:27:43 - [TEST_CASE][PASSED] - Test Cases/CRM/AddBooking: Test Cases/CRM/AddBooking

2018-07-24 18:27:44 - [TEST_STEP][PASSED] - openBrowser: Browser is opened with url: ''

2018-07-24 18:27:47 - [MESSAGE][PASSED] - Browser is opened with url: ''

2018-07-24 18:27:47 - [TEST_STEP][PASSED] - navigateToUrl: Navigate to 'http://172.16.20.5:93/' successfully

2018-07-24 18:27:49 - [MESSAGE][PASSED] - Navigate to 'http://172.16.20.5:93/' successfully

2018-07-24 18:27:49 - [TEST_STEP][PASSED] - maximizeWindow: Current window maximized

2018-07-24 18:27:50 - [MESSAGE][PASSED] - Current window maximized

2018-07-24 18:27:50 - [TEST_STEP][PASSED] - setText: Text 'avishek101@mailinator.com' is set on object 'Object Repository/AddBookingCRM/Page_JobyCo/input_ctl00ContentPlaceHolder1 (2)'

2018-07-24 18:27:51 - [MESSAGE][PASSED] - Text 'avishek101@mailinator.com' is set on object 'Object Repository/AddBookingCRM/Page_JobyCo/input_ctl00ContentPlaceHolder1 (2)'

2018-07-24 18:27:51 - [TEST_STEP][PASSED] - setEncryptedText: Text ****** has been set on object 'Object Repository/AddBookingCRM/Page_JobyCo/input_ctl00ContentPlaceHolder1_1 (1)'

2018-07-24 18:27:51 - [MESSAGE][PASSED] - Text ****** has been set on object 'Object Repository/AddBookingCRM/Page_JobyCo/input_ctl00ContentPlaceHolder1_1 (1)'

2018-07-24 18:27:51 - [TEST_STEP][PASSED] - click: Object: 'Object Repository/AddBookingCRM/Page_JobyCo/input_ctl00ContentPlaceHolder1_2 (1)' is clicked on

2018-07-24 18:27:52 - [MESSAGE][PASSED] - Object: 'Object Repository/AddBookingCRM/Page_JobyCo/input_ctl00ContentPlaceHolder1_2 (1)' is clicked on

2018-07-24 18:27:52 - [TEST_STEP][PASSED] - click: Object: 'Object Repository/AddBookingCRM/Page_/button_toggle navigation (3)' is clicked on

2018-07-24 18:27:52 - [MESSAGE][PASSED] - Object: 'Object Repository/AddBookingCRM/Page_/button_toggle navigation (3)' is clicked on

2018-07-24 18:27:52 - [TEST_STEP][PASSED] - click: Object: 'Object Repository/AddBookingCRM/Page_/a_Booking' is clicked on

2018-07-24 18:27:52 - [MESSAGE][PASSED] - Object: 'Object Repository/AddBookingCRM/Page_/a_Booking' is clicked on

2018-07-24 18:27:52 - [TEST_STEP][PASSED] - click: Object: 'Object Repository/AddBookingCRM/Page_/a_Make a Booking' is clicked on

2018-07-24 18:27:53 - [MESSAGE][PASSED] - Object: 'Object Repository/AddBookingCRM/Page_/a_Make a Booking' is clicked on

2018-07-24 18:27:53 - [TEST_STEP][PASSED] - click: Object: 'Object Repository/AddBookingCRM/Page_/span_Select Customer' is clicked on

2018-07-24 18:27:53 - [MESSAGE][PASSED] - Object: 'Object Repository/AddBookingCRM/Page_/span_Select Customer' is clicked on

2018-07-24 18:27:53 - [TEST_STEP][PASSED] - waitForJQueryLoad: jQuery is ready.

2018-07-24 18:27:54 - [MESSAGE][PASSED] - jQuery is ready.

2018-07-24 18:27:54 - [TEST_STEP][PASSED] - setText: Text 'Avishek' is set on object 'Object Repository/AddQuote/Page_/input'

2018-07-24 18:27:54 - [MESSAGE][PASSED] - Text 'Avishek' is set on object 'Object Repository/AddQuote/Page_/input'

2018-07-24 18:27:54 - [TEST_STEP][PASSED] - sendKeys: Keys 'ENTER + ' sent to object: 'Object Repository/AddQuote/Page_/input'

2018-07-24 18:27:54 - [MESSAGE][PASSED] - Keys 'ENTER + ' sent to object: 'Object Repository/AddQuote/Page_/input'

2018-07-24 18:27:54 - [TEST_STEP][PASSED] - selectOptionByValue: All options with value '1' are selected in object 'Object Repository/AddBookingCRM/Page_/select_Please SelectYesNo'  using regular expression

2018-07-24 18:27:55 - [MESSAGE][PASSED] - All options with value '1' are selected in object 'Object Repository/AddBookingCRM/Page_/select_Please SelectYesNo'  using regular expression

2018-07-24 18:27:55 - [TEST_STEP][PASSED] - setText: Text 'team llc' is set on object 'Object Repository/ObjectAddQuote/Page_/Page_/input_ctl00ContentPlaceHolder1'

2018-07-24 18:27:55 - [MESSAGE][PASSED] - Text 'team llc' is set on object 'Object Repository/ObjectAddQuote/Page_/Page_/input_ctl00ContentPlaceHolder1'

2018-07-24 18:27:55 - [TEST_STEP][PASSED] - selectOptionByValue: All options with value '1' are selected in object 'Object Repository/ObjectAddQuote/Page_/Page_/Page_/select_Please SelectYesNo'  using regular expression

2018-07-24 18:27:55 - [MESSAGE][PASSED] - All options with value '1' are selected in object 'Object Repository/ObjectAddQuote/Page_/Page_/Page_/select_Please SelectYesNo'  using regular expression

2018-07-24 18:27:55 - [TEST_STEP][PASSED] - selectOptionByValue: All options with value '1' are selected in object 'Object Repository/AddQuote/Page_/select_Please SelectYesNoI am'  using regular expression

2018-07-24 18:27:56 - [MESSAGE][PASSED] - All options with value '1' are selected in object 'Object Repository/AddQuote/Page_/select_Please SelectYesNoI am'  using regular expression

2018-07-24 18:27:56 - [TEST_STEP][PASSED] - selectOptionByValue: All options with value '52' are selected in object 'Object Repository/AddQuote/Page_/select_Pickup Category'  using regular expression

2018-07-24 18:27:56 - [MESSAGE][PASSED] - All options with value '52' are selected in object 'Object Repository/AddQuote/Page_/select_Pickup Category'  using regular expression

2018-07-24 18:27:56 - [TEST_STEP][PASSED] - selectOptionByValue: All options with value '1' are selected in object 'Object Repository/AddBookingCRM/Page_/select_Pickup ItemSuitCaseGhan'  using regular expression

2018-07-24 18:27:57 - [MESSAGE][PASSED] - All options with value '1' are selected in object 'Object Repository/AddBookingCRM/Page_/select_Pickup ItemSuitCaseGhan'  using regular expression

2018-07-24 18:27:57 - [TEST_STEP][PASSED] - setText: Text '48' is set on object 'Object Repository/AddBookingCRM/Page_/input_estimatedValue'

2018-07-24 18:27:57 - [MESSAGE][PASSED] - Text '48' is set on object 'Object Repository/AddBookingCRM/Page_/input_estimatedValue'

2018-07-24 18:27:57 - [TEST_STEP][PASSED] - click: Object: 'Object Repository/ObjectAddQuote/Page_/input_ctl00ContentPlaceHolder1' is clicked on

2018-07-24 18:27:57 - [MESSAGE][PASSED] - Object: 'Object Repository/ObjectAddQuote/Page_/input_ctl00ContentPlaceHolder1' is clicked on

2018-07-24 18:27:57 - [TEST_STEP][PASSED] - click: Object: 'Object Repository/AddBookingCRM/Page_/td_31 (1)' is clicked on

2018-07-24 18:27:57 - [MESSAGE][PASSED] - Object: 'Object Repository/AddBookingCRM/Page_/td_31 (1)' is clicked on

2018-07-24 18:27:57 - [TEST_STEP][PASSED] - click: Object: 'Object Repository/AddBookingCRM/Page_/input_ctl00ContentPlaceHolder1_1 (3)' is clicked on

2018-07-24 18:27:57 - [MESSAGE][PASSED] - Object: 'Object Repository/AddBookingCRM/Page_/input_ctl00ContentPlaceHolder1_1 (3)' is clicked on

2018-07-24 18:27:57 - [TEST_STEP][PASSED] - click: Object: 'Object Repository/AddBookingCRM/Page_/input_next' is clicked on

2018-07-24 18:27:58 - [MESSAGE][PASSED] - Object: 'Object Repository/AddBookingCRM/Page_/input_next' is clicked on

2018-07-24 18:27:58 - [TEST_STEP][PASSED] - setText: Text 'Tom' is set on object 'Object Repository/AddBookingCRM/Page_/input_ctl00ContentPlaceHolder1_2 (3)'

2018-07-24 18:27:58 - [MESSAGE][PASSED] - Text 'Tom' is set on object 'Object Repository/AddBookingCRM/Page_/input_ctl00ContentPlaceHolder1_2 (3)'

2018-07-24 18:27:58 - [TEST_STEP][PASSED] - setText: Text 'London' is set on object 'Object Repository/AddBookingCRM/Page_/input_ctl00ContentPlaceHolder1_3 (2)'

2018-07-24 18:27:59 - [MESSAGE][PASSED] - Text 'London' is set on object 'Object Repository/AddBookingCRM/Page_/input_ctl00ContentPlaceHolder1_3 (2)'

2018-07-24 18:27:59 - [TEST_STEP][PASSED] - click: Object: 'Object Repository/AddBookingCRM/Page_/div' is clicked on

2018-07-24 18:27:59 - [MESSAGE][PASSED] - Object: 'Object Repository/AddBookingCRM/Page_/div' is clicked on

2018-07-24 18:27:59 - [TEST_STEP][PASSED] - setText: Text '2589' is set on object 'Object Repository/AddBookingCRM/Page_/input_ctl00ContentPlaceHolder1_4 (2)'

2018-07-24 18:27:59 - [MESSAGE][PASSED] - Text '2589' is set on object 'Object Repository/AddBookingCRM/Page_/input_ctl00ContentPlaceHolder1_4 (2)'

2018-07-24 18:27:59 - [TEST_STEP][PASSED] - setText: Text '1234567890' is set on object 'Object Repository/AddBookingCRM/Page_/input_ctl00ContentPlaceHolder1_5 (1)'

2018-07-24 18:28:00 - [MESSAGE][PASSED] - Text '1234567890' is set on object 'Object Repository/AddBookingCRM/Page_/input_ctl00ContentPlaceHolder1_5 (1)'

2018-07-24 18:28:00 - [TEST_STEP][PASSED] - setText: Text 'tom@mailinator.com' is set on object 'Object Repository/AddBookingCRM/Page_/input_ctl00ContentPlaceHolder1_6 (1)'

2018-07-24 18:28:00 - [MESSAGE][PASSED] - Text 'tom@mailinator.com' is set on object 'Object Repository/AddBookingCRM/Page_/input_ctl00ContentPlaceHolder1_6 (1)'

2018-07-24 18:28:00 - [TEST_STEP][PASSED] - setText: Text 'Taffy' is set on object 'Object Repository/AddBookingCRM/Page_/input_ctl00ContentPlaceHolder1_7 (1)'

2018-07-24 18:28:01 - [MESSAGE][PASSED] - Text 'Taffy' is set on object 'Object Repository/AddBookingCRM/Page_/input_ctl00ContentPlaceHolder1_7 (1)'

2018-07-24 18:28:01 - [TEST_STEP][PASSED] - setText: Text 'London' is set on object 'Object Repository/AddBookingCRM/Page_/input_ctl00ContentPlaceHolder1_8 (1)'

2018-07-24 18:28:01 - [MESSAGE][PASSED] - Text 'London' is set on object 'Object Repository/AddBookingCRM/Page_/input_ctl00ContentPlaceHolder1_8 (1)'

2018-07-24 18:28:01 - [TEST_STEP][PASSED] - click: Object: 'Object Repository/AddBookingCRM/Page_/div_1' is clicked on

2018-07-24 18:28:02 - [MESSAGE][PASSED] - Object: 'Object Repository/AddBookingCRM/Page_/div_1' is clicked on

2018-07-24 18:28:02 - [TEST_STEP][PASSED] - setText: Text '6541' is set on object 'Object Repository/AddBookingCRM/Page_/input_ctl00ContentPlaceHolder1_9 (1)'

2018-07-24 18:28:02 - [MESSAGE][PASSED] - Text '6541' is set on object 'Object Repository/AddBookingCRM/Page_/input_ctl00ContentPlaceHolder1_9 (1)'

2018-07-24 18:28:02 - [TEST_STEP][PASSED] - setText: Text '9874561230' is set on object 'Object Repository/AddBookingCRM/Page_/input_ctl00ContentPlaceHolder1_10 (1)'

2018-07-24 18:28:02 - [MESSAGE][PASSED] - Text '9874561230' is set on object 'Object Repository/AddBookingCRM/Page_/input_ctl00ContentPlaceHolder1_10 (1)'

2018-07-24 18:28:02 - [TEST_STEP][PASSED] - setText: Text 'tammy@mailinator.com' is set on object 'Object Repository/AddBookingCRM/Page_/input_ctl00ContentPlaceHolder1_11 (1)'

2018-07-24 18:28:03 - [MESSAGE][PASSED] - Text 'tammy@mailinator.com' is set on object 'Object Repository/AddBookingCRM/Page_/input_ctl00ContentPlaceHolder1_11 (1)'

2018-07-24 18:28:03 - [TEST_STEP][PASSED] - click: Object: 'Object Repository/AddBookingCRM/Page_/input_next_1' is clicked on

2018-07-24 18:28:03 - [MESSAGE][PASSED] - Object: 'Object Repository/AddBookingCRM/Page_/input_next_1' is clicked on

2018-07-24 18:28:03 - [TEST_STEP][PASSED] - click: Object: 'Object Repository/AddBookingCRM/Page_/input_ctl00ContentPlaceHolder1_12 (1)' is clicked on

2018-07-24 18:28:04 - [MESSAGE][PASSED] - Object: 'Object Repository/AddBookingCRM/Page_/input_ctl00ContentPlaceHolder1_12 (1)' is clicked on

2018-07-24 18:28:04 - [TEST_STEP][PASSED] - click: Object: 'Object Repository/AddBookingCRM/Page_/input_ctl00ContentPlaceHolder1_13' is clicked on

2018-07-24 18:28:04 - [MESSAGE][PASSED] - Object: 'Object Repository/AddBookingCRM/Page_/input_ctl00ContentPlaceHolder1_13' is clicked on

2018-07-24 18:28:04 - [TEST_STEP][PASSED] - waitForJQueryLoad: jQuery is ready.

2018-07-24 18:28:04 - [MESSAGE][PASSED] - jQuery is ready.

2018-07-24 18:28:04 - [TEST_STEP][PASSED] - mouseOver: Object: 'Object Repository/ObjectAddBookingCRM/Page_/Page_/button_Pay at  Lombard Street' is hovered

2018-07-24 18:28:04 - [MESSAGE][PASSED] - Object: 'Object Repository/ObjectAddBookingCRM/Page_/Page_/button_Pay at  Lombard Street' is hovered

2018-07-24 18:28:04 - [TEST_STEP][PASSED] - click: Object: 'Object Repository/ObjectAddBookingCRM/Page_/Page_/button_Pay at  Lombard Street' is clicked on

2018-07-24 18:28:04 - [MESSAGE][PASSED] - Object: 'Object Repository/ObjectAddBookingCRM/Page_/Page_/button_Pay at  Lombard Street' is clicked on

2018-07-24 18:28:04 - [TEST_STEP][PASSED] - waitForJQueryLoad: jQuery is ready.

2018-07-24 18:28:08 - [MESSAGE][PASSED] - jQuery is ready.

2018-07-24 18:28:08 - [TEST_STEP][PASSED] - mouseOver: Object: 'Object Repository/AddBookingCRM/Page_/a_Back to Dashboard' is hovered

2018-07-24 18:28:09 - [MESSAGE][PASSED] - Object: 'Object Repository/AddBookingCRM/Page_/a_Back to Dashboard' is hovered

2018-07-24 18:28:09 - [TEST_STEP][PASSED] - click: Object: 'Object Repository/AddBookingCRM/Page_/a_Back to Dashboard' is clicked on

2018-07-24 18:28:09 - [MESSAGE][PASSED] - Object: 'Object Repository/AddBookingCRM/Page_/a_Back to Dashboard' is clicked on

2018-07-24 18:28:09 - [TEST_STEP][PASSED] - click: Object: 'Object Repository/AddBookingCRM/Page_/button_toggle navigation (3)' is clicked on

2018-07-24 18:28:09 - [MESSAGE][PASSED] - Object: 'Object Repository/AddBookingCRM/Page_/button_toggle navigation (3)' is clicked on

2018-07-24 18:28:09 - [TEST_STEP][PASSED] - click: Object: 'Object Repository/AddBookingCRM/Page_/a_Booking' is clicked on

2018-07-24 18:28:09 - [MESSAGE][PASSED] - Object: 'Object Repository/AddBookingCRM/Page_/a_Booking' is clicked on

2018-07-24 18:28:09 - [TEST_STEP][PASSED] - click: Object: 'Object Repository/AddBookingCRM/Page_/a_Make a Booking' is clicked on

2018-07-24 18:28:10 - [MESSAGE][PASSED] - Object: 'Object Repository/AddBookingCRM/Page_/a_Make a Booking' is clicked on

2018-07-24 18:28:10 - [TEST_STEP][PASSED] - click: Object: 'Object Repository/AddBookingCRM/Page_/span_Select Customer' is clicked on

2018-07-24 18:28:10 - [MESSAGE][PASSED] - Object: 'Object Repository/AddBookingCRM/Page_/span_Select Customer' is clicked on

2018-07-24 18:28:10 - [TEST_STEP][PASSED] - setText: Text 'Avi' is set on object 'Object Repository/AddQuote/Page_/input'

2018-07-24 18:28:11 - [MESSAGE][PASSED] - Text 'Avi' is set on object 'Object Repository/AddQuote/Page_/input'

2018-07-24 18:28:11 - [TEST_STEP][PASSED] - sendKeys: Keys 'ENTER + ' sent to object: 'Object Repository/AddQuote/Page_/input'

2018-07-24 18:28:11 - [MESSAGE][PASSED] - Keys 'ENTER + ' sent to object: 'Object Repository/AddQuote/Page_/input'

2018-07-24 18:28:11 - [TEST_STEP][PASSED] - selectOptionByValue: All options with value '0' are selected in object 'Object Repository/AddBookingCRM/Page_/select_Please SelectYesNo'  using regular expression

2018-07-24 18:28:11 - [MESSAGE][PASSED] - All options with value '0' are selected in object 'Object Repository/AddBookingCRM/Page_/select_Please SelectYesNo'  using regular expression

2018-07-24 18:28:11 - [TEST_STEP][PASSED] - selectOptionByValue: All options with value '0' are selected in object 'Object Repository/AddQuote/Page_/select_Please SelectYesNoI am'  using regular expression

2018-07-24 18:28:12 - [MESSAGE][PASSED] - All options with value '0' are selected in object 'Object Repository/AddQuote/Page_/select_Please SelectYesNoI am'  using regular expression

2018-07-24 18:28:12 - [TEST_STEP][PASSED] - selectOptionByValue: All options with value '52' are selected in object 'Object Repository/AddQuote/Page_/select_Pickup Category'  using regular expression

2018-07-24 18:28:12 - [MESSAGE][PASSED] - All options with value '52' are selected in object 'Object Repository/AddQuote/Page_/select_Pickup Category'  using regular expression

2018-07-24 18:28:12 - [TEST_STEP][PASSED] - selectOptionByValue: All options with value '1' are selected in object 'Object Repository/AddBookingCRM/Page_/select_Pickup ItemSuitCaseGhan'  using regular expression

2018-07-24 18:28:12 - [MESSAGE][PASSED] - All options with value '1' are selected in object 'Object Repository/AddBookingCRM/Page_/select_Pickup ItemSuitCaseGhan'  using regular expression

2018-07-24 18:28:12 - [TEST_STEP][PASSED] - setText: Text '50' is set on object 'Object Repository/AddBookingCRM/Page_/input_estimatedValue'

2018-07-24 18:28:13 - [MESSAGE][PASSED] - Text '50' is set on object 'Object Repository/AddBookingCRM/Page_/input_estimatedValue'

2018-07-24 18:28:13 - [TEST_STEP][PASSED] - click: Object: 'Object Repository/AddBookingCRM/Page_/button_Add Row' is clicked on

2018-07-24 18:28:13 - [MESSAGE][PASSED] - Object: 'Object Repository/AddBookingCRM/Page_/button_Add Row' is clicked on

2018-07-24 18:28:13 - [TEST_STEP][PASSED] - selectOptionByValue: All options with value '51' are selected in object 'Object Repository/AddBookingCRM/Page_/select_Pickup CategoryAir Cond'  using regular expression

2018-07-24 18:28:13 - [MESSAGE][PASSED] - All options with value '51' are selected in object 'Object Repository/AddBookingCRM/Page_/select_Pickup CategoryAir Cond'  using regular expression

2018-07-24 18:28:13 - [TEST_STEP][PASSED] - click: Object: 'Object Repository/AddBookingCRM/Page_/label_FRAGILE' is clicked on

2018-07-24 18:28:14 - [MESSAGE][PASSED] - Object: 'Object Repository/AddBookingCRM/Page_/label_FRAGILE' is clicked on

2018-07-24 18:28:14 - [TEST_STEP][PASSED] - setText: Text '75' is set on object 'Object Repository/AddBookingCRM/Page_/input_estimatedValue_1'

2018-07-24 18:28:14 - [MESSAGE][PASSED] - Text '75' is set on object 'Object Repository/AddBookingCRM/Page_/input_estimatedValue_1'

2018-07-24 18:28:14 - [TEST_STEP][PASSED] - click: Object: 'Object Repository/ObjectAddQuote/Page_/input_ctl00ContentPlaceHolder1' is clicked on

2018-07-24 18:28:14 - [MESSAGE][PASSED] - Object: 'Object Repository/ObjectAddQuote/Page_/input_ctl00ContentPlaceHolder1' is clicked on

2018-07-24 18:28:14 - [TEST_STEP][PASSED] - click: Object: 'Object Repository/AddBookingCRM/Page_/td_31 (1)' is clicked on

2018-07-24 18:28:14 - [MESSAGE][PASSED] - Object: 'Object Repository/AddBookingCRM/Page_/td_31 (1)' is clicked on

2018-07-24 18:28:14 - [TEST_STEP][PASSED] - click: Object: 'Object Repository/AddBookingCRM/Page_/input_ctl00ContentPlaceHolder1_1 (3)' is clicked on

2018-07-24 18:28:14 - [MESSAGE][PASSED] - Object: 'Object Repository/AddBookingCRM/Page_/input_ctl00ContentPlaceHolder1_1 (3)' is clicked on

2018-07-24 18:28:14 - [TEST_STEP][PASSED] - click: Object: 'Object Repository/AddBookingCRM/Page_/input_next' is clicked on

2018-07-24 18:28:15 - [MESSAGE][PASSED] - Object: 'Object Repository/AddBookingCRM/Page_/input_next' is clicked on

2018-07-24 18:28:15 - [TEST_STEP][PASSED] - setText: Text 'john' is set on object 'Object Repository/AddBookingCRM/Page_/input_ctl00ContentPlaceHolder1_2 (3)'

2018-07-24 18:28:16 - [MESSAGE][PASSED] - Text 'john' is set on object 'Object Repository/AddBookingCRM/Page_/input_ctl00ContentPlaceHolder1_2 (3)'

2018-07-24 18:28:16 - [TEST_STEP][PASSED] - setText: Text 'london' is set on object 'Object Repository/AddBookingCRM/Page_/input_ctl00ContentPlaceHolder1_3 (2)'

2018-07-24 18:28:16 - [MESSAGE][PASSED] - Text 'london' is set on object 'Object Repository/AddBookingCRM/Page_/input_ctl00ContentPlaceHolder1_3 (2)'

2018-07-24 18:28:16 - [TEST_STEP][PASSED] - click: Object: 'Object Repository/AddBookingCRM/Page_/div_1' is clicked on

2018-07-24 18:28:16 - [MESSAGE][PASSED] - Object: 'Object Repository/AddBookingCRM/Page_/div_1' is clicked on

2018-07-24 18:28:16 - [TEST_STEP][PASSED] - setText: Text '8745' is set on object 'Object Repository/AddBookingCRM/Page_/input_ctl00ContentPlaceHolder1_4 (2)'

2018-07-24 18:28:16 - [MESSAGE][PASSED] - Text '8745' is set on object 'Object Repository/AddBookingCRM/Page_/input_ctl00ContentPlaceHolder1_4 (2)'

2018-07-24 18:28:16 - [TEST_STEP][PASSED] - setText: Text '4567891320' is set on object 'Object Repository/AddBookingCRM/Page_/input_ctl00ContentPlaceHolder1_5 (1)'

2018-07-24 18:28:17 - [MESSAGE][PASSED] - Text '4567891320' is set on object 'Object Repository/AddBookingCRM/Page_/input_ctl00ContentPlaceHolder1_5 (1)'

2018-07-24 18:28:17 - [TEST_STEP][PASSED] - setText: Text 'john@mailinator.com' is set on object 'Object Repository/AddBookingCRM/Page_/input_ctl00ContentPlaceHolder1_6 (1)'

2018-07-24 18:28:18 - [MESSAGE][PASSED] - Text 'john@mailinator.com' is set on object 'Object Repository/AddBookingCRM/Page_/input_ctl00ContentPlaceHolder1_6 (1)'

2018-07-24 18:28:18 - [TEST_STEP][PASSED] - setText: Text 'Carlos' is set on object 'Object Repository/AddBookingCRM/Page_/input_ctl00ContentPlaceHolder1_7 (1)'

2018-07-24 18:28:18 - [MESSAGE][PASSED] - Text 'Carlos' is set on object 'Object Repository/AddBookingCRM/Page_/input_ctl00ContentPlaceHolder1_7 (1)'

2018-07-24 18:28:18 - [TEST_STEP][PASSED] - setText: Text 'London' is set on object 'Object Repository/AddBookingCRM/Page_/input_ctl00ContentPlaceHolder1_8 (1)'

2018-07-24 18:28:19 - [MESSAGE][PASSED] - Text 'London' is set on object 'Object Repository/AddBookingCRM/Page_/input_ctl00ContentPlaceHolder1_8 (1)'

2018-07-24 18:28:19 - [TEST_STEP][PASSED] - click: Object: 'Object Repository/AddBookingCRM/Page_/div_1' is clicked on

2018-07-24 18:28:19 - [MESSAGE][PASSED] - Object: 'Object Repository/AddBookingCRM/Page_/div_1' is clicked on

2018-07-24 18:28:19 - [TEST_STEP][PASSED] - setText: Text '1323' is set on object 'Object Repository/AddBookingCRM/Page_/input_ctl00ContentPlaceHolder1_9 (1)'

2018-07-24 18:28:20 - [MESSAGE][PASSED] - Text '1323' is set on object 'Object Repository/AddBookingCRM/Page_/input_ctl00ContentPlaceHolder1_9 (1)'

2018-07-24 18:28:20 - [TEST_STEP][PASSED] - setText: Text '8956237845' is set on object 'Object Repository/AddBookingCRM/Page_/input_ctl00ContentPlaceHolder1_10 (1)'

2018-07-24 18:28:20 - [MESSAGE][PASSED] - Text '8956237845' is set on object 'Object Repository/AddBookingCRM/Page_/input_ctl00ContentPlaceHolder1_10 (1)'

2018-07-24 18:28:20 - [TEST_STEP][PASSED] - setText: Text 'Carlos@mailinator.com' is set on object 'Object Repository/AddBookingCRM/Page_/input_ctl00ContentPlaceHolder1_11 (1)'

2018-07-24 18:28:21 - [MESSAGE][PASSED] - Text 'Carlos@mailinator.com' is set on object 'Object Repository/AddBookingCRM/Page_/input_ctl00ContentPlaceHolder1_11 (1)'

2018-07-24 18:28:21 - [TEST_STEP][PASSED] - click: Object: 'Object Repository/AddBookingCRM/Page_/input_next_1' is clicked on

2018-07-24 18:28:21 - [MESSAGE][PASSED] - Object: 'Object Repository/AddBookingCRM/Page_/input_next_1' is clicked on

2018-07-24 18:28:21 - [TEST_STEP][PASSED] - click: Object: 'Object Repository/AddBookingCRM/Page_/input_ctl00ContentPlaceHolder1_12 (1)' is clicked on

2018-07-24 18:28:22 - [MESSAGE][PASSED] - Object: 'Object Repository/AddBookingCRM/Page_/input_ctl00ContentPlaceHolder1_12 (1)' is clicked on

2018-07-24 18:28:22 - [TEST_STEP][PASSED] - click: Object: 'Object Repository/AddBookingCRM/Page_/input_ctl00ContentPlaceHolder1_13' is clicked on

2018-07-24 18:28:22 - [MESSAGE][PASSED] - Object: 'Object Repository/AddBookingCRM/Page_/input_ctl00ContentPlaceHolder1_13' is clicked on

2018-07-24 18:28:22 - [TEST_STEP][PASSED] - waitForJQueryLoad: jQuery is ready.

2018-07-24 18:28:22 - [MESSAGE][PASSED] - jQuery is ready.

2018-07-24 18:28:22 - [TEST_STEP][PASSED] - mouseOver: Object: 'Object Repository/ObjectAddBookingCRM/Page_/Page_/button_Pay at  Lombard Street' is hovered

2018-07-24 18:28:22 - [MESSAGE][PASSED] - Object: 'Object Repository/ObjectAddBookingCRM/Page_/Page_/button_Pay at  Lombard Street' is hovered

2018-07-24 18:28:22 - [TEST_STEP][PASSED] - click: Object: 'Object Repository/ObjectAddBookingCRM/Page_/Page_/button_Pay at  Lombard Street' is clicked on

2018-07-24 18:28:23 - [MESSAGE][PASSED] - Object: 'Object Repository/ObjectAddBookingCRM/Page_/Page_/button_Pay at  Lombard Street' is clicked on

2018-07-24 18:28:23 - [TEST_STEP][PASSED] - waitForJQueryLoad: jQuery is ready.

2018-07-24 18:28:27 - [MESSAGE][PASSED] - jQuery is ready.

2018-07-24 18:28:27 - [TEST_STEP][PASSED] - mouseOver: Object: 'Object Repository/AddBookingCRM/Page_/a_Back to Dashboard' is hovered

2018-07-24 18:28:27 - [MESSAGE][PASSED] - Object: 'Object Repository/AddBookingCRM/Page_/a_Back to Dashboard' is hovered

2018-07-24 18:28:27 - [TEST_STEP][PASSED] - click: Object: 'Object Repository/AddBookingCRM/Page_/a_Back to Dashboard' is clicked on

2018-07-24 18:28:28 - [MESSAGE][PASSED] - Object: 'Object Repository/AddBookingCRM/Page_/a_Back to Dashboard' is clicked on

2018-07-24 18:28:28 - [TEST_STEP][PASSED] - click: Object: 'Object Repository/AddBookingCRM/Page_/button_toggle navigation (3)' is clicked on

2018-07-24 18:28:28 - [MESSAGE][PASSED] - Object: 'Object Repository/AddBookingCRM/Page_/button_toggle navigation (3)' is clicked on

2018-07-24 18:28:28 - [TEST_STEP][PASSED] - click: Object: 'Object Repository/AddBookingCRM/Page_/a_Booking' is clicked on

2018-07-24 18:28:28 - [MESSAGE][PASSED] - Object: 'Object Repository/AddBookingCRM/Page_/a_Booking' is clicked on

2018-07-24 18:28:28 - [TEST_STEP][PASSED] - click: Object: 'Object Repository/AddBookingCRM/Page_/a_View All Bookings' is clicked on

2018-07-24 18:28:28 - [MESSAGE][PASSED] - Object: 'Object Repository/AddBookingCRM/Page_/a_View All Bookings' is clicked on

2018-07-24 18:28:28 - [TEST_STEP][PASSED] - waitForPageLoad: Wait for page load successfully

2018-07-24 18:28:29 - [MESSAGE][PASSED] - Wait for page load successfully

2018-07-24 18:28:29 - [TEST_STEP][PASSED] - waitForJQueryLoad: jQuery is ready.

2018-07-24 18:28:29 - [MESSAGE][PASSED] - jQuery is ready.

2018-07-24 18:28:29 - [TEST_STEP][PASSED] - click: Object: 'Object Repository/AddBookingCRM/Page_/span_glyphicon glyphicon-user (3)' is clicked on

2018-07-24 18:28:29 - [MESSAGE][PASSED] - Object: 'Object Repository/AddBookingCRM/Page_/span_glyphicon glyphicon-user (3)' is clicked on

2018-07-24 18:28:29 - [TEST_STEP][PASSED] - click: Object: 'Object Repository/AddBookingCRM/Page_/button_Sign Out (3)' is clicked on

2018-07-24 18:28:29 - [MESSAGE][PASSED] - Object: 'Object Repository/AddBookingCRM/Page_/button_Sign Out (3)' is clicked on

2018-07-24 18:28:29 - [TEST_STEP][PASSED] - closeBrowser: Browser is closed

2018-07-24 18:28:30 - [MESSAGE][PASSED] - Browser is closed]]></system-out>
         <system-err><![CDATA[]]></system-err>
      </testcase>
      <system-out><![CDATA[2018-07-24 18:27:42 - [TEST_SUITE][PASSED] - AddBooking: Test Cases/CRM/AddBooking]]></system-out>
      <system-err><![CDATA[]]></system-err>
   </testsuite>
</testsuites>
