<?xml version="1.0" encoding="UTF-8"?>
<testsuites name="AddZone" time="29" tests="1" failures="0" errors="0">
   <testsuite name="AddZone" tests="1" failures="0" errors="0" time="29" timestamp="2018-07-16 19:51:35" hostname="Avishek - DESKTOP-UNOIIMH" id="Test Suites/CRM/AddZone">
      <properties>
         <property name="deviceName" value=""/>
         <property name="devicePlatform" value=""/>
         <property name="logFolder" value="E:\\Avishek\\LOGMANPROJECT\\Reports\\CRM\\AddZone\\20180716_195132"/>
         <property name="logFiles" value="E:\\Avishek\\LOGMANPROJECT\\Reports\\CRM\\AddZone\\20180716_195132\\execution0.log"/>
         <property name="attachments" value=""/>
         <property name="hostName" value="Avishek - DESKTOP-UNOIIMH"/>
         <property name="os" value="Windows 10 64bit"/>
         <property name="katalonVersion" value="5.5.0.1"/>
         <property name="browser" value="Chrome 67.0.3396.99"/>
         <property name="hostAddress" value="172.16.10.93"/>
         <property name="sessionId" value="c4a2d840f61137ca25e4097defff7b32"/>
         <property name="seleniumVersion" value="3.7.1"/>
         <property name="proxyInformation" value="ProxyInformation{proxyOption=NO_PROXY, proxyServerType=HTTP, password=, proxyServerAddress=, proxyServerPort=0}"/>
         <property name="platform" value="Windows 10"/>
      </properties>
      <testcase name="Test Cases/CRM/AddZone" classname="Test Cases/CRM/AddZone" status="PASSED">
         <system-out><![CDATA[2018-07-16 19:51:35 - [TEST_CASE][PASSED] - Test Cases/CRM/AddZone: Test Cases/CRM/AddZone

2018-07-16 19:51:36 - [TEST_STEP][PASSED] - openBrowser: Browser is opened with url: ''

2018-07-16 19:51:39 - [MESSAGE][PASSED] - Browser is opened with url: ''

2018-07-16 19:51:39 - [TEST_STEP][PASSED] - navigateToUrl: Navigate to 'http://portal.logmanproj.com/Login.aspx' successfully

2018-07-16 19:51:52 - [MESSAGE][PASSED] - Navigate to 'http://portal.logmanproj.com/Login.aspx' successfully

2018-07-16 19:51:52 - [TEST_STEP][PASSED] - maximizeWindow: Current window maximized

2018-07-16 19:51:54 - [MESSAGE][PASSED] - Current window maximized

2018-07-16 19:51:54 - [TEST_STEP][PASSED] - setText: Text 'tom@alter.com' is set on object 'Object Repository/Page_JobyCo/input_ctl00ContentPlaceHolder1'

2018-07-16 19:51:54 - [MESSAGE][PASSED] - Text 'tom@alter.com' is set on object 'Object Repository/Page_JobyCo/input_ctl00ContentPlaceHolder1'

2018-07-16 19:51:54 - [TEST_STEP][PASSED] - setEncryptedText: Text ****** has been set on object 'Object Repository/Page_JobyCo/input_ctl00ContentPlaceHolder1_1'

2018-07-16 19:51:54 - [MESSAGE][PASSED] - Text ****** has been set on object 'Object Repository/Page_JobyCo/input_ctl00ContentPlaceHolder1_1'

2018-07-16 19:51:54 - [TEST_STEP][PASSED] - click: Object: 'Object Repository/Page_JobyCo/input_ctl00ContentPlaceHolder1_2' is clicked on

2018-07-16 19:51:56 - [MESSAGE][PASSED] - Object: 'Object Repository/Page_JobyCo/input_ctl00ContentPlaceHolder1_2' is clicked on

2018-07-16 19:51:56 - [TEST_STEP][PASSED] - waitForJQueryLoad: jQuery is ready.

2018-07-16 19:51:56 - [MESSAGE][PASSED] - jQuery is ready.

2018-07-16 19:51:56 - [TEST_STEP][PASSED] - click: Object: 'Object Repository/Page_/button_toggle navigation' is clicked on

2018-07-16 19:51:56 - [MESSAGE][PASSED] - Object: 'Object Repository/Page_/button_toggle navigation' is clicked on

2018-07-16 19:51:56 - [TEST_STEP][PASSED] - click: Object: 'Object Repository/Page_/a_Zone' is clicked on

2018-07-16 19:51:57 - [MESSAGE][PASSED] - Object: 'Object Repository/Page_/a_Zone' is clicked on

2018-07-16 19:51:57 - [TEST_STEP][PASSED] - click: Object: 'Object Repository/Page_/a_View All Zones' is clicked on

2018-07-16 19:51:58 - [MESSAGE][PASSED] - Object: 'Object Repository/Page_/a_View All Zones' is clicked on

2018-07-16 19:51:58 - [TEST_STEP][PASSED] - click: Object: 'Object Repository/Page_/input_ctl00ContentPlaceHolder1 (1)' is clicked on

2018-07-16 19:51:59 - [MESSAGE][PASSED] - Object: 'Object Repository/Page_/input_ctl00ContentPlaceHolder1 (1)' is clicked on

2018-07-16 19:51:59 - [TEST_STEP][PASSED] - setText: Text 'London' is set on object 'Object Repository/Page_/input_ctl00ContentPlaceHolder1_1'

2018-07-16 19:51:59 - [MESSAGE][PASSED] - Text 'London' is set on object 'Object Repository/Page_/input_ctl00ContentPlaceHolder1_1'

2018-07-16 19:51:59 - [TEST_STEP][PASSED] - selectOptionByValue: All options with value 'LOC000000003' are selected in object 'Object Repository/Page_/select_Select Zone LocationGre'  using regular expression

2018-07-16 19:52:00 - [MESSAGE][PASSED] - All options with value 'LOC000000003' are selected in object 'Object Repository/Page_/select_Select Zone LocationGre'  using regular expression

2018-07-16 19:52:00 - [TEST_STEP][PASSED] - click: Object: 'Object Repository/Page_/input_ctl00ContentPlaceHolder1_2' is clicked on

2018-07-16 19:52:00 - [MESSAGE][PASSED] - Object: 'Object Repository/Page_/input_ctl00ContentPlaceHolder1_2' is clicked on

2018-07-16 19:52:00 - [TEST_STEP][PASSED] - waitForPageLoad: Wait for page load successfully

2018-07-16 19:52:00 - [MESSAGE][PASSED] - Wait for page load successfully

2018-07-16 19:52:00 - [TEST_STEP][PASSED] - waitForJQueryLoad: jQuery is ready.

2018-07-16 19:52:00 - [MESSAGE][PASSED] - jQuery is ready.

2018-07-16 19:52:00 - [TEST_STEP][PASSED] - mouseOver: Object: 'Object Repository/Page_/button_OK' is hovered

2018-07-16 19:52:00 - [MESSAGE][PASSED] - Object: 'Object Repository/Page_/button_OK' is hovered

2018-07-16 19:52:00 - [TEST_STEP][PASSED] - click: Object: 'Object Repository/Page_/button_OK' is clicked on

2018-07-16 19:52:01 - [MESSAGE][PASSED] - Object: 'Object Repository/Page_/button_OK' is clicked on

2018-07-16 19:52:01 - [TEST_STEP][PASSED] - click: Object: 'Object Repository/Page_/input_ctl00ContentPlaceHolder1_3' is clicked on

2018-07-16 19:52:02 - [MESSAGE][PASSED] - Object: 'Object Repository/Page_/input_ctl00ContentPlaceHolder1_3' is clicked on

2018-07-16 19:52:02 - [TEST_STEP][PASSED] - click: Object: 'Object Repository/Page_/span_glyphicon glyphicon-user' is clicked on

2018-07-16 19:52:02 - [MESSAGE][PASSED] - Object: 'Object Repository/Page_/span_glyphicon glyphicon-user' is clicked on

2018-07-16 19:52:02 - [TEST_STEP][PASSED] - click: Object: 'Object Repository/Page_/button_Sign Out' is clicked on

2018-07-16 19:52:03 - [MESSAGE][PASSED] - Object: 'Object Repository/Page_/button_Sign Out' is clicked on

2018-07-16 19:52:03 - [TEST_STEP][PASSED] - closeBrowser: Browser is closed

2018-07-16 19:52:04 - [MESSAGE][PASSED] - Browser is closed]]></system-out>
         <system-err><![CDATA[]]></system-err>
      </testcase>
      <system-out><![CDATA[2018-07-16 19:51:35 - [TEST_SUITE][PASSED] - AddZone: Test Cases/CRM/AddZone]]></system-out>
      <system-err><![CDATA[]]></system-err>
   </testsuite>
</testsuites>
