<?xml version="1.0" encoding="UTF-8"?>
<testsuites name="VerifyLinksintheWebsite" time="22" tests="1" failures="0" errors="0">
   <testsuite name="VerifyLinksintheWebsite" tests="1" failures="0" errors="0" time="22" timestamp="2018-07-10 13:09:26" hostname="Avishek - DESKTOP-UNOIIMH" id="Test Suites/WebsiteFrontend/VerifyLinksintheWebsite">
      <properties>
         <property name="deviceName" value=""/>
         <property name="devicePlatform" value=""/>
         <property name="logFolder" value="E:\\Avishek\\LOGMANPROJECT\\Reports\\WebsiteFrontend\\VerifyLinksintheWebsite\\20180710_130613"/>
         <property name="logFiles" value="E:\\Avishek\\LOGMANPROJECT\\Reports\\WebsiteFrontend\\VerifyLinksintheWebsite\\20180710_130613\\execution0.log"/>
         <property name="attachments" value="E:\\Avishek\\LOGMANPROJECT\\Reports\\WebsiteFrontend\\VerifyLinksintheWebsite\\20180710_130613\\1531208375081.png, E:\\Avishek\\LOGMANPROJECT\\Reports\\WebsiteFrontend\\VerifyLinksintheWebsite\\20180710_130613\\1531208376823.png, E:\\Avishek\\LOGMANPROJECT\\Reports\\WebsiteFrontend\\VerifyLinksintheWebsite\\20180710_130613\\1531208377983.png, E:\\Avishek\\LOGMANPROJECT\\Reports\\WebsiteFrontend\\VerifyLinksintheWebsite\\20180710_130613\\1531208380030.png, E:\\Avishek\\LOGMANPROJECT\\Reports\\WebsiteFrontend\\VerifyLinksintheWebsite\\20180710_130613\\1531208381246.png, E:\\Avishek\\LOGMANPROJECT\\Reports\\WebsiteFrontend\\VerifyLinksintheWebsite\\20180710_130613\\1531208382396.png, E:\\Avishek\\LOGMANPROJECT\\Reports\\WebsiteFrontend\\VerifyLinksintheWebsite\\20180710_130613\\1531208386055.png, E:\\Avishek\\LOGMANPROJECT\\Reports\\WebsiteFrontend\\VerifyLinksintheWebsite\\20180710_130613\\1531208387212.png, E:\\Avishek\\LOGMANPROJECT\\Reports\\WebsiteFrontend\\VerifyLinksintheWebsite\\20180710_130613\\1531208388238.png"/>
         <property name="hostName" value="Avishek - DESKTOP-UNOIIMH"/>
         <property name="os" value="Windows 10 64bit"/>
         <property name="katalonVersion" value="5.4.2.1"/>
         <property name="browser" value="Chrome 67.0.3396.99"/>
         <property name="hostAddress" value="172.16.10.93"/>
         <property name="sessionId" value="241bb5648d7787c2478e599d3e360cec"/>
         <property name="seleniumVersion" value="3.7.1"/>
         <property name="proxyInformation" value="ProxyInformation{proxyOption=NO_PROXY, proxyServerType=HTTP, password=, proxyServerAddress=, proxyServerPort=0}"/>
         <property name="platform" value="Windows 10"/>
      </properties>
      <testcase name="Test Cases/WebsitesFrontend/VerifyLinksinWebsites" classname="Test Cases/WebsitesFrontend/VerifyLinksinWebsites" status="PASSED">
         <system-out><![CDATA[2018-07-10 13:09:27 - [TEST_CASE][PASSED] - Test Cases/WebsitesFrontend/VerifyLinksinWebsites: Test Cases/WebsitesFrontend/VerifyLinksinWebsites

2018-07-10 13:09:27 - [TEST_STEP][PASSED] - openBrowser: Browser is opened with url: ''

2018-07-10 13:09:31 - [MESSAGE][PASSED] - Browser is opened with url: ''

2018-07-10 13:09:31 - [TEST_STEP][PASSED] - navigateToUrl: Navigate to 'http://logmanproj.com/' successfully

2018-07-10 13:09:35 - [MESSAGE][PASSED] - Navigate to 'http://logmanproj.com/' successfully

2018-07-10 13:09:35 - [TEST_STEP][PASSED] - takeScreenshot: Taking screenshot successfully

2018-07-10 13:09:35 - [MESSAGE][PASSED] - Taking screenshot successfully
[[ATTACHMENT|E:\\Avishek\\LOGMANPROJECT\\Reports\\WebsiteFrontend\\VerifyLinksintheWebsite\\20180710_130613\\1531208375081.png]]

2018-07-10 13:09:35 - [TEST_STEP][PASSED] - click: Object: 'Object Repository/VerifyLinksinWebsites/Page_JobyCo/a_About' is clicked on

2018-07-10 13:09:36 - [MESSAGE][PASSED] - Object: 'Object Repository/VerifyLinksinWebsites/Page_JobyCo/a_About' is clicked on

2018-07-10 13:09:36 - [TEST_STEP][PASSED] - takeScreenshot: Taking screenshot successfully

2018-07-10 13:09:37 - [MESSAGE][PASSED] - Taking screenshot successfully
[[ATTACHMENT|E:\\Avishek\\LOGMANPROJECT\\Reports\\WebsiteFrontend\\VerifyLinksintheWebsite\\20180710_130613\\1531208376823.png]]

2018-07-10 13:09:37 - [TEST_STEP][PASSED] - click: Object: 'Object Repository/VerifyLinksinWebsites/Page_Jobyco (1)/a_Quote' is clicked on

2018-07-10 13:09:37 - [MESSAGE][PASSED] - Object: 'Object Repository/VerifyLinksinWebsites/Page_Jobyco (1)/a_Quote' is clicked on

2018-07-10 13:09:37 - [TEST_STEP][PASSED] - takeScreenshot: Taking screenshot successfully

2018-07-10 13:09:38 - [MESSAGE][PASSED] - Taking screenshot successfully
[[ATTACHMENT|E:\\Avishek\\LOGMANPROJECT\\Reports\\WebsiteFrontend\\VerifyLinksintheWebsite\\20180710_130613\\1531208377983.png]]

2018-07-10 13:09:38 - [TEST_STEP][PASSED] - click: Object: 'Object Repository/VerifyLinksinWebsites/Page_JobyCo/a_Contact' is clicked on

2018-07-10 13:09:40 - [MESSAGE][PASSED] - Object: 'Object Repository/VerifyLinksinWebsites/Page_JobyCo/a_Contact' is clicked on

2018-07-10 13:09:40 - [TEST_STEP][PASSED] - takeScreenshot: Taking screenshot successfully

2018-07-10 13:09:40 - [MESSAGE][PASSED] - Taking screenshot successfully
[[ATTACHMENT|E:\\Avishek\\LOGMANPROJECT\\Reports\\WebsiteFrontend\\VerifyLinksintheWebsite\\20180710_130613\\1531208380030.png]]

2018-07-10 13:09:40 - [TEST_STEP][PASSED] - click: Object: 'Object Repository/VerifyLinksinWebsites/Page_Jobyco (1)/a_Careers' is clicked on

2018-07-10 13:09:41 - [MESSAGE][PASSED] - Object: 'Object Repository/VerifyLinksinWebsites/Page_Jobyco (1)/a_Careers' is clicked on

2018-07-10 13:09:41 - [TEST_STEP][PASSED] - takeScreenshot: Taking screenshot successfully

2018-07-10 13:09:41 - [MESSAGE][PASSED] - Taking screenshot successfully
[[ATTACHMENT|E:\\Avishek\\LOGMANPROJECT\\Reports\\WebsiteFrontend\\VerifyLinksintheWebsite\\20180710_130613\\1531208381246.png]]

2018-07-10 13:09:41 - [TEST_STEP][PASSED] - click: Object: 'Object Repository/VerifyLinksinWebsites/Page_Jobyco (1)/a_Help' is clicked on

2018-07-10 13:09:42 - [MESSAGE][PASSED] - Object: 'Object Repository/VerifyLinksinWebsites/Page_Jobyco (1)/a_Help' is clicked on

2018-07-10 13:09:42 - [TEST_STEP][PASSED] - takeScreenshot: Taking screenshot successfully

2018-07-10 13:09:42 - [MESSAGE][PASSED] - Taking screenshot successfully
[[ATTACHMENT|E:\\Avishek\\LOGMANPROJECT\\Reports\\WebsiteFrontend\\VerifyLinksintheWebsite\\20180710_130613\\1531208382396.png]]

2018-07-10 13:09:42 - [TEST_STEP][PASSED] - click: Object: 'Object Repository/VerifyLinksinWebsites/Page_Jobyco (1)/a_How do I book a collection D' is clicked on

2018-07-10 13:09:42 - [MESSAGE][PASSED] - Object: 'Object Repository/VerifyLinksinWebsites/Page_Jobyco (1)/a_How do I book a collection D' is clicked on

2018-07-10 13:09:42 - [TEST_STEP][PASSED] - click: Object: 'Object Repository/VerifyLinksinWebsites/Page_Jobyco (1)/a_What types of services does' is clicked on

2018-07-10 13:09:43 - [MESSAGE][PASSED] - Object: 'Object Repository/VerifyLinksinWebsites/Page_Jobyco (1)/a_What types of services does' is clicked on

2018-07-10 13:09:43 - [TEST_STEP][PASSED] - click: Object: 'Object Repository/VerifyLinksinWebsites/Page_Jobyco (1)/a_Where can I find your prices' is clicked on

2018-07-10 13:09:43 - [MESSAGE][PASSED] - Object: 'Object Repository/VerifyLinksinWebsites/Page_Jobyco (1)/a_Where can I find your prices' is clicked on

2018-07-10 13:09:43 - [TEST_STEP][PASSED] - click: Object: 'Object Repository/VerifyLinksinWebsites/Page_Jobyco (1)/a_Do you provide packaging' is clicked on

2018-07-10 13:09:43 - [MESSAGE][PASSED] - Object: 'Object Repository/VerifyLinksinWebsites/Page_Jobyco (1)/a_Do you provide packaging' is clicked on

2018-07-10 13:09:43 - [TEST_STEP][PASSED] - click: Object: 'Object Repository/VerifyLinksinWebsites/Page_Jobyco (1)/a_Can I use my own packaging' is clicked on

2018-07-10 13:09:43 - [MESSAGE][PASSED] - Object: 'Object Repository/VerifyLinksinWebsites/Page_Jobyco (1)/a_Can I use my own packaging' is clicked on

2018-07-10 13:09:43 - [TEST_STEP][PASSED] - click: Object: 'Object Repository/VerifyLinksinWebsites/Page_Jobyco (1)/a_How do I change or cancel a' is clicked on

2018-07-10 13:09:43 - [MESSAGE][PASSED] - Object: 'Object Repository/VerifyLinksinWebsites/Page_Jobyco (1)/a_How do I change or cancel a' is clicked on

2018-07-10 13:09:43 - [TEST_STEP][PASSED] - click: Object: 'Object Repository/VerifyLinksinWebsites/Page_Jobyco (1)/a_Are there maximum weight and' is clicked on

2018-07-10 13:09:43 - [MESSAGE][PASSED] - Object: 'Object Repository/VerifyLinksinWebsites/Page_Jobyco (1)/a_Are there maximum weight and' is clicked on

2018-07-10 13:09:43 - [TEST_STEP][PASSED] - click: Object: 'Object Repository/VerifyLinksinWebsites/Page_Jobyco (1)/a_Are there any prohibited ite' is clicked on

2018-07-10 13:09:44 - [MESSAGE][PASSED] - Object: 'Object Repository/VerifyLinksinWebsites/Page_Jobyco (1)/a_Are there any prohibited ite' is clicked on

2018-07-10 13:09:44 - [TEST_STEP][PASSED] - click: Object: 'Object Repository/VerifyLinksinWebsites/Page_Jobyco (1)/a_Does my recipient need to pa' is clicked on

2018-07-10 13:09:44 - [MESSAGE][PASSED] - Object: 'Object Repository/VerifyLinksinWebsites/Page_Jobyco (1)/a_Does my recipient need to pa' is clicked on

2018-07-10 13:09:44 - [TEST_STEP][PASSED] - click: Object: 'Object Repository/VerifyLinksinWebsites/Page_Jobyco (1)/a_Does my recipient need to pa_1' is clicked on

2018-07-10 13:09:44 - [MESSAGE][PASSED] - Object: 'Object Repository/VerifyLinksinWebsites/Page_Jobyco (1)/a_Does my recipient need to pa_1' is clicked on

2018-07-10 13:09:44 - [TEST_STEP][PASSED] - click: Object: 'Object Repository/VerifyLinksinWebsites/Page_Jobyco (1)/a_Will my parcel be opened for' is clicked on

2018-07-10 13:09:44 - [MESSAGE][PASSED] - Object: 'Object Repository/VerifyLinksinWebsites/Page_Jobyco (1)/a_Will my parcel be opened for' is clicked on

2018-07-10 13:09:44 - [TEST_STEP][PASSED] - click: Object: 'Object Repository/VerifyLinksinWebsites/Page_Jobyco (1)/a_Is my consignment covered by' is clicked on

2018-07-10 13:09:44 - [MESSAGE][PASSED] - Object: 'Object Repository/VerifyLinksinWebsites/Page_Jobyco (1)/a_Is my consignment covered by' is clicked on

2018-07-10 13:09:44 - [TEST_STEP][PASSED] - click: Object: 'Object Repository/VerifyLinksinWebsites/Page_Jobyco (1)/a_Can I track the status and l' is clicked on

2018-07-10 13:09:44 - [MESSAGE][PASSED] - Object: 'Object Repository/VerifyLinksinWebsites/Page_Jobyco (1)/a_Can I track the status and l' is clicked on

2018-07-10 13:09:44 - [TEST_STEP][PASSED] - click: Object: 'Object Repository/VerifyLinksinWebsites/Page_Jobyco (1)/a_What should I do if my consi' is clicked on

2018-07-10 13:09:44 - [MESSAGE][PASSED] - Object: 'Object Repository/VerifyLinksinWebsites/Page_Jobyco (1)/a_What should I do if my consi' is clicked on

2018-07-10 13:09:44 - [TEST_STEP][PASSED] - click: Object: 'Object Repository/VerifyLinksinWebsites/Page_Jobyco (1)/a_Within what time frame do I' is clicked on

2018-07-10 13:09:45 - [MESSAGE][PASSED] - Object: 'Object Repository/VerifyLinksinWebsites/Page_Jobyco (1)/a_Within what time frame do I' is clicked on

2018-07-10 13:09:45 - [TEST_STEP][PASSED] - click: Object: 'Object Repository/VerifyLinksinWebsites/Page_Jobyco (1)/a_How long does it take for my' is clicked on

2018-07-10 13:09:45 - [MESSAGE][PASSED] - Object: 'Object Repository/VerifyLinksinWebsites/Page_Jobyco (1)/a_How long does it take for my' is clicked on

2018-07-10 13:09:45 - [TEST_STEP][PASSED] - click: Object: 'Object Repository/VerifyLinksinWebsites/Page_Jobyco (1)/a_How do we pack our things so' is clicked on

2018-07-10 13:09:45 - [MESSAGE][PASSED] - Object: 'Object Repository/VerifyLinksinWebsites/Page_Jobyco (1)/a_How do we pack our things so' is clicked on

2018-07-10 13:09:45 - [TEST_STEP][PASSED] - click: Object: 'Object Repository/VerifyLinksinWebsites/Page_Jobyco (1)/a_Home' is clicked on

2018-07-10 13:09:46 - [MESSAGE][PASSED] - Object: 'Object Repository/VerifyLinksinWebsites/Page_Jobyco (1)/a_Home' is clicked on

2018-07-10 13:09:46 - [TEST_STEP][PASSED] - takeScreenshot: Taking screenshot successfully

2018-07-10 13:09:46 - [MESSAGE][PASSED] - Taking screenshot successfully
[[ATTACHMENT|E:\\Avishek\\LOGMANPROJECT\\Reports\\WebsiteFrontend\\VerifyLinksintheWebsite\\20180710_130613\\1531208386055.png]]

2018-07-10 13:09:46 - [TEST_STEP][PASSED] - click: Object: 'Object Repository/VerifyLinksinWebsites/Page_JobyCo/a_About' is clicked on

2018-07-10 13:09:47 - [MESSAGE][PASSED] - Object: 'Object Repository/VerifyLinksinWebsites/Page_JobyCo/a_About' is clicked on

2018-07-10 13:09:47 - [TEST_STEP][PASSED] - takeScreenshot: Taking screenshot successfully

2018-07-10 13:09:47 - [MESSAGE][PASSED] - Taking screenshot successfully
[[ATTACHMENT|E:\\Avishek\\LOGMANPROJECT\\Reports\\WebsiteFrontend\\VerifyLinksintheWebsite\\20180710_130613\\1531208387212.png]]

2018-07-10 13:09:47 - [TEST_STEP][PASSED] - click: Object: 'Object Repository/VerifyLinksinWebsites/Page_Jobyco (1)/img_img-responsive' is clicked on

2018-07-10 13:09:48 - [MESSAGE][PASSED] - Object: 'Object Repository/VerifyLinksinWebsites/Page_Jobyco (1)/img_img-responsive' is clicked on

2018-07-10 13:09:48 - [TEST_STEP][PASSED] - takeScreenshot: Taking screenshot successfully

2018-07-10 13:09:48 - [MESSAGE][PASSED] - Taking screenshot successfully
[[ATTACHMENT|E:\\Avishek\\LOGMANPROJECT\\Reports\\WebsiteFrontend\\VerifyLinksintheWebsite\\20180710_130613\\1531208388238.png]]

2018-07-10 13:09:48 - [TEST_STEP][PASSED] - closeBrowser: Browser is closed

2018-07-10 13:09:49 - [MESSAGE][PASSED] - Browser is closed]]></system-out>
         <system-err><![CDATA[]]></system-err>
      </testcase>
      <system-out><![CDATA[2018-07-10 13:09:26 - [TEST_SUITE][PASSED] - VerifyLinksintheWebsite: Test Cases/WebsitesFrontend/VerifyLinksinWebsites]]></system-out>
      <system-err><![CDATA[]]></system-err>
   </testsuite>
</testsuites>
